Using pre-set license
Built from '2022.1/staging' branch; Version is '2022.1.16f1 (7321c9670bc2) revision 7545289'; Using compiler version '192829333'; Build Type 'Release'
OS: 'Windows 10  (10.0.19045) 64bit Education' Language: 'en' Physical Memory: 8117 MB
BatchMode: 1, IsHumanControllingUs: 0, StartBugReporterOnCrash: 0, Is64bit: 1, IsPro: 1

COMMAND LINE ARGUMENTS:
C:\Program Files\Unity\Hub\Editor\2022.1.16f1\Editor\Unity.exe
-adb2
-batchMode
-noUpm
-name
AssetImportWorker5
-projectPath
D:/521969/Unity/Pixel-Worlds
-logFile
Logs/AssetImportWorker5.log
-srvPort
53867
Successfully changed project path to: D:/521969/Unity/Pixel-Worlds
D:/521969/Unity/Pixel-Worlds
[UnityMemory] Configuration Parameters - Can be set up in boot.config
    "memorysetup-bucket-allocator-granularity=16"
    "memorysetup-bucket-allocator-bucket-count=8"
    "memorysetup-bucket-allocator-block-size=33554432"
    "memorysetup-bucket-allocator-block-count=8"
    "memorysetup-main-allocator-block-size=16777216"
    "memorysetup-thread-allocator-block-size=16777216"
    "memorysetup-gfx-main-allocator-block-size=16777216"
    "memorysetup-gfx-thread-allocator-block-size=16777216"
    "memorysetup-cache-allocator-block-size=4194304"
    "memorysetup-typetree-allocator-block-size=2097152"
    "memorysetup-profiler-bucket-allocator-granularity=16"
    "memorysetup-profiler-bucket-allocator-bucket-count=8"
    "memorysetup-profiler-bucket-allocator-block-size=33554432"
    "memorysetup-profiler-bucket-allocator-block-count=8"
    "memorysetup-profiler-allocator-block-size=16777216"
    "memorysetup-profiler-editor-allocator-block-size=1048576"
    "memorysetup-temp-allocator-size-main=16777216"
    "memorysetup-job-temp-allocator-block-size=2097152"
    "memorysetup-job-temp-allocator-block-size-background=1048576"
    "memorysetup-job-temp-allocator-reduction-small-platforms=262144"
    "memorysetup-temp-allocator-size-background-worker=32768"
    "memorysetup-temp-allocator-size-job-worker=262144"
    "memorysetup-temp-allocator-size-preload-manager=33554432"
    "memorysetup-temp-allocator-size-nav-mesh-worker=65536"
    "memorysetup-temp-allocator-size-audio-worker=65536"
    "memorysetup-temp-allocator-size-cloud-worker=32768"
    "memorysetup-temp-allocator-size-gi-baking-worker=262144"
    "memorysetup-temp-allocator-size-gfx=262144"
Refreshing native plugins compatible for Editor in 182.10 ms, found 4 plugins.
Preloading 0 native plugins for Editor in 0.00 ms.
Initialize engine version: 2022.1.16f1 (7321c9670bc2)
[Subsystems] Discovering subsystems at path C:/Program Files/Unity/Hub/Editor/2022.1.16f1/Editor/Data/Resources/UnitySubsystems
[Subsystems] Discovering subsystems at path D:/521969/Unity/Pixel-Worlds/Assets
GfxDevice: creating device client; threaded=0; jobified=0
Direct3D:
    Version:  Direct3D 11.0 [level 11.1]
    Renderer: Microsoft Basic Render Driver (ID=0x8c)
    Vendor:   Microsoft
    VRAM:     4058 MB
Initialize mono
Mono path[0] = 'C:/Program Files/Unity/Hub/Editor/2022.1.16f1/Editor/Data/Managed'
Mono path[1] = 'C:/Program Files/Unity/Hub/Editor/2022.1.16f1/Editor/Data/MonoBleedingEdge/lib/mono/unityjit-win32'
Mono config path = 'C:/Program Files/Unity/Hub/Editor/2022.1.16f1/Editor/Data/MonoBleedingEdge/etc'
Using monoOptions --debugger-agent=transport=dt_socket,embedding=1,server=y,suspend=n,address=127.0.0.1:56300
Begin MonoManager ReloadAssembly
Registering precompiled unity dll's ...
Register platform support module: C:/Program Files/Unity/Hub/Editor/2022.1.16f1/Editor/Data/PlaybackEngines/WebGLSupport/UnityEditor.WebGL.Extensions.dll
Register platform support module: C:/Program Files/Unity/Hub/Editor/2022.1.16f1/Editor/Data/PlaybackEngines/MacStandaloneSupport/UnityEditor.OSXStandalone.Extensions.dll
Register platform support module: C:/Program Files/Unity/Hub/Editor/2022.1.16f1/Editor/Data/PlaybackEngines/AndroidPlayer/UnityEditor.Android.Extensions.dll
Register platform support module: C:/Program Files/Unity/Hub/Editor/2022.1.16f1/Editor/Data/PlaybackEngines/iOSSupport/UnityEditor.iOS.Extensions.dll
Register platform support module: C:/Program Files/Unity/Hub/Editor/2022.1.16f1/Editor/Data/PlaybackEngines/AppleTVSupport/UnityEditor.AppleTV.Extensions.dll
Register platform support module: C:/Program Files/Unity/Hub/Editor/2022.1.16f1/Editor/Data/PlaybackEngines/WindowsStandaloneSupport/UnityEditor.WindowsStandalone.Extensions.dll
Register platform support module: C:/Program Files/Unity/Hub/Editor/2022.1.16f1/Editor/Data/PlaybackEngines/LinuxStandaloneSupport/UnityEditor.LinuxStandalone.Extensions.dll
Register platform support module: C:/Program Files/Unity/Hub/Editor/2022.1.16f1/Editor/Data/PlaybackEngines/MetroSupport/UnityEditor.UWP.Extensions.dll
Registered in 0.022648 seconds.
Native extension for UWP target not found
Native extension for LinuxStandalone target not found
Native extension for WindowsStandalone target not found
[usbmuxd] Start listen thread
Native extension for AppleTV target not found
[usbmuxd] Listen thread started
[usbmuxd] Start listen thread
[usbmuxd] Listen thread started
Native extension for iOS target not found
Native extension for Android target not found
Native extension for OSXStandalone target not found
Native extension for WebGL target not found
Refreshing native plugins compatible for Editor in 204.14 ms, found 4 plugins.
Preloading 0 native plugins for Editor in 0.00 ms.
Mono: successfully reloaded assembly
- Completed reload, in  1.411 seconds
Domain Reload Profiling:
	ReloadAssembly (1411ms)
		BeginReloadAssembly (141ms)
			ExecutionOrderSort (0ms)
			DisableScriptedObjects (0ms)
			BackupInstance (0ms)
			ReleaseScriptingObjects (0ms)
			CreateAndSetChildDomain (1ms)
		EndReloadAssembly (1035ms)
			LoadAssemblies (142ms)
			RebuildTransferFunctionScriptingTraits (0ms)
			SetupTypeCache (224ms)
				TypeCache.Initialize (223ms)
					TypeCache.ScanAssembly (219ms)
				ResolveRequiredComponents (1ms)
			ReleaseScriptCaches (0ms)
			RebuildScriptCaches (77ms)
			SetupLoadedEditorAssemblies (626ms)
				LogAssemblyErrors (0ms)
				InitializePlatformSupportModulesInManaged (126ms)
				SetLoadedEditorAssemblies (11ms)
				RefreshPlugins (206ms)
				BeforeProcessingInitializeOnLoad (3ms)
				ProcessInitializeOnLoadAttributes (207ms)
				ProcessInitializeOnLoadMethodAttributes (73ms)
				AfterProcessingInitializeOnLoad (0ms)
				EditorAssembliesLoaded (0ms)
			ExecutionOrderSort2 (0ms)
			AwakeInstancesAfterBackupRestoration (0ms)
Platform modules already initialized, skipping
Registering precompiled user dll's ...
Registered in 0.004600 seconds.
Begin MonoManager ReloadAssembly
Symbol file LoadedFromMemory doesn't match image D:\521969\Unity\Pixel-Worlds\Library\PackageCache\com.unity.visualscripting@1.7.8\Editor\VisualScripting.Core\Dependencies\YamlDotNet\Unity.VisualScripting.YamlDotNet.dll
Symbol file LoadedFromMemory doesn't match image D:\521969\Unity\Pixel-Worlds\Library\PackageCache\com.unity.visualscripting@1.7.8\Editor\VisualScripting.Core\Dependencies\DotNetZip\Unity.VisualScripting.IonicZip.dll
Native extension for UWP target not found
Native extension for LinuxStandalone target not found
Native extension for WindowsStandalone target not found
Native extension for AppleTV target not found
Native extension for iOS target not found
Native extension for Android target not found
Native extension for OSXStandalone target not found
Native extension for WebGL target not found
Refreshing native plugins compatible for Editor in 252.67 ms, found 4 plugins.
Preloading 0 native plugins for Editor in 0.00 ms.
Mono: successfully reloaded assembly
- Completed reload, in  3.829 seconds
Domain Reload Profiling:
	ReloadAssembly (3830ms)
		BeginReloadAssembly (216ms)
			ExecutionOrderSort (0ms)
			DisableScriptedObjects (7ms)
			BackupInstance (0ms)
			ReleaseScriptingObjects (1ms)
			CreateAndSetChildDomain (45ms)
		EndReloadAssembly (3434ms)
			LoadAssemblies (1133ms)
			RebuildTransferFunctionScriptingTraits (0ms)
			SetupTypeCache (660ms)
				TypeCache.Initialize (641ms)
					TypeCache.ScanAssembly (603ms)
				ResolveRequiredComponents (19ms)
			ReleaseScriptCaches (2ms)
			RebuildScriptCaches (135ms)
			SetupLoadedEditorAssemblies (1378ms)
				LogAssemblyErrors (0ms)
				InitializePlatformSupportModulesInManaged (61ms)
				SetLoadedEditorAssemblies (21ms)
				RefreshPlugins (253ms)
				BeforeProcessingInitializeOnLoad (303ms)
				ProcessInitializeOnLoadAttributes (541ms)
				ProcessInitializeOnLoadMethodAttributes (172ms)
				AfterProcessingInitializeOnLoad (26ms)
				EditorAssembliesLoaded (0ms)
			ExecutionOrderSort2 (0ms)
			AwakeInstancesAfterBackupRestoration (6ms)
Platform modules already initialized, skipping
========================================================================
Worker process is ready to serve import requests
Launched and connected shader compiler UnityShaderCompiler.exe after 0.21 seconds
Refreshing native plugins compatible for Editor in 3.51 ms, found 4 plugins.
Preloading 0 native plugins for Editor in 0.00 ms.
Unloading 5618 Unused Serialized files (Serialized files now loaded: 0)
Unloading 40 unused Assets / (349.5 KB). Loaded Objects now: 6075.
Memory consumption went from 0.87 GB to 0.87 GB.
Total: 19.138600 ms (FindLiveObjects: 1.270300 ms CreateObjectMapping: 0.300800 ms MarkObjects: 17.282600 ms  DeleteObjects: 0.281800 ms)

AssetImportParameters requested are different than current active one (requested -> active):
  custom:video-decoder-ogg-theora: a1e56fd34408186e4bbccfd4996cb3dc -> 
  custom:container-muxer-webm: aa71ff27fc2769a1b78a27578f13a17b -> 
  custom:container-demuxer-webm: 4f35f7cbe854078d1ac9338744f61a02 -> 
  custom:video-encoder-webm-vp8: eb34c28f22e8b96e1ab97ce403110664 -> 
  custom:audio-encoder-webm-vorbis: bf7c407c2cedff20999df2af8eb42d56 -> 
  custom:framework-win-MediaFoundation: 216162199b28c13a410421893ffa2e32 -> 
  custom:container-demuxer-ogg: 62fdf1f143b41e24485cea50d1cbac27 -> 
  custom:video-decoder-webm-vp8: 9c59270c3fd7afecdb556c50c9e8de78 -> 
  custom:audio-decoder-ogg-vorbis: bf7c407c2cedff20999df2af8eb42d56 -> 
========================================================================
Received Import Request.
  Time since last request: 947890.418119 seconds.
  path: Assets/Tiles/Stone.asset
  artifactKey: Guid(ec86f6897dddd364db059d21b50a7a2d) Importer(815301076,1909f56bfc062723c751e8b465ee728b)
Start importing Assets/Tiles/Stone.asset using Guid(ec86f6897dddd364db059d21b50a7a2d) Importer(815301076,1909f56bfc062723c751e8b465ee728b)  -> (artifact id: '71a984c4e8f867a45da1b23725f437ab') in 0.272815 seconds 
========================================================================
Received Import Request.
  Time since last request: 0.001597 seconds.
  path: Assets/Tiles/Addon.prefab
  artifactKey: Guid(4ac4d46e69966c1419d71239c7d59259) Importer(815301076,1909f56bfc062723c751e8b465ee728b)
Start importing Assets/Tiles/Addon.prefab using Guid(4ac4d46e69966c1419d71239c7d59259) Importer(815301076,1909f56bfc062723c751e8b465ee728b)  -> (artifact id: '84e42ba77d4c3cf6f7808f70ab1305cf') in 0.495037 seconds 
========================================================================
Received Import Request.
  Time since last request: 241.875079 seconds.
  path: Packages/com.unity.2d.animation/Editor/Assets/EditorIcons/Dark/d_Generate_Geometry.png
  artifactKey: Guid(bba3ad14ed4c2d64fbd090a846ffaaea) Importer(815301076,1909f56bfc062723c751e8b465ee728b)
Start importing Packages/com.unity.2d.animation/Editor/Assets/EditorIcons/Dark/d_Generate_Geometry.png using Guid(bba3ad14ed4c2d64fbd090a846ffaaea) Importer(815301076,1909f56bfc062723c751e8b465ee728b)  -> (artifact id: 'b99b330633d81524ec6d42ef497d6479') in 0.135745 seconds 
========================================================================
Received Import Request.
  Time since last request: 0.001602 seconds.
  path: Packages/com.unity.collab-proxy/Editor/PlasticSCM/Assets/Images/d_genericbuho3.png
  artifactKey: Guid(9e9474494461bd048803b48e391ef0f6) Importer(815301076,1909f56bfc062723c751e8b465ee728b)
Start importing Packages/com.unity.collab-proxy/Editor/PlasticSCM/Assets/Images/d_genericbuho3.png using Guid(9e9474494461bd048803b48e391ef0f6) Importer(815301076,1909f56bfc062723c751e8b465ee728b)  -> (artifact id: 'eaa5150d7ad451f85f4d92929cf70a72') in 0.127938 seconds 
========================================================================
Received Import Request.
  Time since last request: 0.000086 seconds.
  path: Packages/com.unity.collab-proxy/Editor/PlasticSCM/Assets/Images/d_genericbuho2.png
  artifactKey: Guid(0f061b4bd0275bc4eb60f2af31e7375a) Importer(815301076,1909f56bfc062723c751e8b465ee728b)
Start importing Packages/com.unity.collab-proxy/Editor/PlasticSCM/Assets/Images/d_genericbuho2.png using Guid(0f061b4bd0275bc4eb60f2af31e7375a) Importer(815301076,1909f56bfc062723c751e8b465ee728b)  -> (artifact id: 'd184b88a394397d03be3e2afd353a7f7') in 0.073873 seconds 
========================================================================
Received Import Request.
  Time since last request: 0.000068 seconds.
  path: Packages/com.unity.2d.animation/Editor/Assets/EditorIcons/Dark/d_Generate_Geometry@3x.png
  artifactKey: Guid(d0c7c8e72b5fcf84e9478a13bd449ae6) Importer(815301076,1909f56bfc062723c751e8b465ee728b)
Start importing Packages/com.unity.2d.animation/Editor/Assets/EditorIcons/Dark/d_Generate_Geometry@3x.png using Guid(d0c7c8e72b5fcf84e9478a13bd449ae6) Importer(815301076,1909f56bfc062723c751e8b465ee728b)  -> (artifact id: '0351b6fa26fa6e2d09cb3ff0cdfe2556') in 0.053473 seconds 
========================================================================
Received Import Request.
  Time since last request: 0.476270 seconds.
  path: Assets/Spritesheet/Tiles/OakTree 1.png
  artifactKey: Guid(93b7ef02e961de2408e284d55a06b256) Importer(815301076,1909f56bfc062723c751e8b465ee728b)
Start importing Assets/Spritesheet/Tiles/OakTree 1.png using Guid(93b7ef02e961de2408e284d55a06b256) Importer(815301076,1909f56bfc062723c751e8b465ee728b)  -> (artifact id: '753ba57eb604cb278e26dbb337bd154e') in 0.059381 seconds 
========================================================================
Received Import Request.
  Time since last request: 0.000111 seconds.
  path: Assets/Spritesheet/Tiles/OakTreeTop.png
  artifactKey: Guid(3d333fa7501153645a3702c3a5b1375f) Importer(815301076,1909f56bfc062723c751e8b465ee728b)
Start importing Assets/Spritesheet/Tiles/OakTreeTop.png using Guid(3d333fa7501153645a3702c3a5b1375f) Importer(815301076,1909f56bfc062723c751e8b465ee728b)  -> (artifact id: '7c8b03cad1b3b5a39cdd9995faf670bc') in 0.082603 seconds 
========================================================================
Received Import Request.
  Time since last request: 99.730052 seconds.
  path: Assets/Spritesheet/Tiles/Tiles_6.png
  artifactKey: Guid(f247a270a28c3184c93eb40f86f7e6fb) Importer(815301076,1909f56bfc062723c751e8b465ee728b)
Start importing Assets/Spritesheet/Tiles/Tiles_6.png using Guid(f247a270a28c3184c93eb40f86f7e6fb) Importer(815301076,1909f56bfc062723c751e8b465ee728b)  -> (artifact id: 'dcbf7765fe92bbfea2757da024505074') in 0.067201 seconds 
========================================================================
Received Import Request.
  Time since last request: 0.000055 seconds.
  path: Assets/Spritesheet/Tiles/Tiles_7.png
  artifactKey: Guid(47ce857b599e5fe44894468b00e711ae) Importer(815301076,1909f56bfc062723c751e8b465ee728b)
Start importing Assets/Spritesheet/Tiles/Tiles_7.png using Guid(47ce857b599e5fe44894468b00e711ae) Importer(815301076,1909f56bfc062723c751e8b465ee728b)  -> (artifact id: '3eaf9055cf900cd6fd2317ef8d570a4c') in 0.047956 seconds 
========================================================================
Received Import Request.
  Time since last request: 0.000040 seconds.
  path: Assets/Spritesheet/Tiles/Wall_5.png
  artifactKey: Guid(27b77fcc0c64f9344a551b6482a1dbff) Importer(815301076,1909f56bfc062723c751e8b465ee728b)
Start importing Assets/Spritesheet/Tiles/Wall_5.png using Guid(27b77fcc0c64f9344a551b6482a1dbff) Importer(815301076,1909f56bfc062723c751e8b465ee728b)  -> (artifact id: '39478342013980fae7ded573b4adb5d2') in 0.021259 seconds 
========================================================================
Received Import Request.
  Time since last request: 0.000101 seconds.
  path: Assets/Spritesheet/Tiles/water_1.png
  artifactKey: Guid(6379b42bd33c0bf40812ac9156ba2d69) Importer(815301076,1909f56bfc062723c751e8b465ee728b)
Start importing Assets/Spritesheet/Tiles/water_1.png using Guid(6379b42bd33c0bf40812ac9156ba2d69) Importer(815301076,1909f56bfc062723c751e8b465ee728b)  -> (artifact id: '6fd64cad3964972c533ff4721aa5e8cb') in 0.060012 seconds 
========================================================================
Received Import Request.
  Time since last request: 0.000031 seconds.
  path: Assets/Spritesheet/Tiles/Tree_Branches_21.png
  artifactKey: Guid(3af9a14f74e4a824caa5e542e8cee716) Importer(815301076,1909f56bfc062723c751e8b465ee728b)
Start importing Assets/Spritesheet/Tiles/Tree_Branches_21.png using Guid(3af9a14f74e4a824caa5e542e8cee716) Importer(815301076,1909f56bfc062723c751e8b465ee728b)  -> (artifact id: '24ab08d5de6e07b0df72f71f62a58981') in 0.040500 seconds 
========================================================================
Received Import Request.
  Time since last request: 0.000066 seconds.
  path: Assets/Spritesheet/Tiles/water_0.png
  artifactKey: Guid(3c8187d0ec4bf5e449fe075cb9471416) Importer(815301076,1909f56bfc062723c751e8b465ee728b)
Start importing Assets/Spritesheet/Tiles/water_0.png using Guid(3c8187d0ec4bf5e449fe075cb9471416) Importer(815301076,1909f56bfc062723c751e8b465ee728b)  -> (artifact id: 'bc23eaea90cafc5bad9e837b30595d02') in 0.073361 seconds 
========================================================================
Received Import Request.
  Time since last request: 0.000050 seconds.
  path: Assets/Spritesheet/Tiles/Wall_2.png
  artifactKey: Guid(f44077ec05162a645bc6383b21aecd30) Importer(815301076,1909f56bfc062723c751e8b465ee728b)
Start importing Assets/Spritesheet/Tiles/Wall_2.png using Guid(f44077ec05162a645bc6383b21aecd30) Importer(815301076,1909f56bfc062723c751e8b465ee728b)  -> (artifact id: '8b39c0726893ca28fa64f71462b463be') in 0.055085 seconds 
========================================================================
Received Import Request.
  Time since last request: 0.000078 seconds.
  path: Assets/Spritesheet/Tiles/Wall_21.png
  artifactKey: Guid(f51f55f4f3b501645b240f6ad9d8832d) Importer(815301076,1909f56bfc062723c751e8b465ee728b)
Start importing Assets/Spritesheet/Tiles/Wall_21.png using Guid(f51f55f4f3b501645b240f6ad9d8832d) Importer(815301076,1909f56bfc062723c751e8b465ee728b)  -> (artifact id: '658333fc8a108ea192bfab3d64249da0') in 0.042999 seconds 
========================================================================
Received Import Request.
  Time since last request: 0.000093 seconds.
  path: Assets/Spritesheet/Tiles/Tiles_53.png
  artifactKey: Guid(7a886d93a7192364780712fdd6f18f8d) Importer(815301076,1909f56bfc062723c751e8b465ee728b)
Start importing Assets/Spritesheet/Tiles/Tiles_53.png using Guid(7a886d93a7192364780712fdd6f18f8d) Importer(815301076,1909f56bfc062723c751e8b465ee728b)  -> (artifact id: '896107d937b2c0baa50000c04c337b8b') in 0.069682 seconds 
========================================================================
Received Import Request.
  Time since last request: 0.000047 seconds.
  path: Assets/Spritesheet/Tiles/Tiles_54.png
  artifactKey: Guid(a9dd5bf5bf0f84545a0ecc0ca9142ef5) Importer(815301076,1909f56bfc062723c751e8b465ee728b)
Start importing Assets/Spritesheet/Tiles/Tiles_54.png using Guid(a9dd5bf5bf0f84545a0ecc0ca9142ef5) Importer(815301076,1909f56bfc062723c751e8b465ee728b)  -> (artifact id: '5575c06ac26c40579cba33f53b0f9d0a') in 0.049107 seconds 
========================================================================
Received Import Request.
  Time since last request: 0.000134 seconds.
  path: Assets/Spritesheet/Tiles/water_11.png
  artifactKey: Guid(fa3187cb16890164c85d37ba500b22c6) Importer(815301076,1909f56bfc062723c751e8b465ee728b)
Start importing Assets/Spritesheet/Tiles/water_11.png using Guid(fa3187cb16890164c85d37ba500b22c6) Importer(815301076,1909f56bfc062723c751e8b465ee728b)  -> (artifact id: '58cd3383a240f452b61e3dc7b9c52be6') in 0.082645 seconds 
========================================================================
Received Import Request.
  Time since last request: 0.000041 seconds.
  path: Assets/Spritesheet/Tiles/Tiles_8.png
  artifactKey: Guid(33bd1c06c0f012e4a8d38779cde349a5) Importer(815301076,1909f56bfc062723c751e8b465ee728b)
Start importing Assets/Spritesheet/Tiles/Tiles_8.png using Guid(33bd1c06c0f012e4a8d38779cde349a5) Importer(815301076,1909f56bfc062723c751e8b465ee728b)  -> (artifact id: '75b846911a2582f4690fd8cfd7e89069') in 0.062711 seconds 
========================================================================
Received Import Request.
  Time since last request: 0.000083 seconds.
  path: Assets/Spritesheet/Tiles/Wall_1.png
  artifactKey: Guid(d96356b3b8dcce74fba52613dc429f8d) Importer(815301076,1909f56bfc062723c751e8b465ee728b)
Start importing Assets/Spritesheet/Tiles/Wall_1.png using Guid(d96356b3b8dcce74fba52613dc429f8d) Importer(815301076,1909f56bfc062723c751e8b465ee728b)  -> (artifact id: '54c091f034aa95b43c713da8412641f0') in 0.043496 seconds 
========================================================================
Received Import Request.
  Time since last request: 0.000071 seconds.
  path: Assets/Spritesheet/Tiles/Tiles_38.png
  artifactKey: Guid(0c91c6096feedc645adb909e37db8894) Importer(815301076,1909f56bfc062723c751e8b465ee728b)
Start importing Assets/Spritesheet/Tiles/Tiles_38.png using Guid(0c91c6096feedc645adb909e37db8894) Importer(815301076,1909f56bfc062723c751e8b465ee728b)  -> (artifact id: 'a24fc421cad54297dabf9145ab0d11d4') in 0.053624 seconds 
Editor requested this worker to shutdown with reason: Scaling down because of idle timeout
AssetImportWorker is now disconnected from the server
Process exiting
Exiting without the bug reporter. Application will terminate with return code 0