Using pre-set license
Built from '2022.1/staging' branch; Version is '2022.1.16f1 (7321c9670bc2) revision 7545289'; Using compiler version '192829333'; Build Type 'Release'
OS: 'Windows 10  (10.0.19045) 64bit Education' Language: 'en' Physical Memory: 8117 MB
BatchMode: 1, IsHumanControllingUs: 0, StartBugReporterOnCrash: 0, Is64bit: 1, IsPro: 1

COMMAND LINE ARGUMENTS:
C:\Program Files\Unity\Hub\Editor\2022.1.16f1\Editor\Unity.exe
-adb2
-batchMode
-noUpm
-name
AssetImportWorker3
-projectPath
D:/521969/Pixel-Worlds
-logFile
Logs/AssetImportWorker3.log
-srvPort
58443
Successfully changed project path to: D:/521969/Pixel-Worlds
D:/521969/Pixel-Worlds
[UnityMemory] Configuration Parameters - Can be set up in boot.config
    "memorysetup-bucket-allocator-granularity=16"
    "memorysetup-bucket-allocator-bucket-count=8"
    "memorysetup-bucket-allocator-block-size=33554432"
    "memorysetup-bucket-allocator-block-count=8"
    "memorysetup-main-allocator-block-size=16777216"
    "memorysetup-thread-allocator-block-size=16777216"
    "memorysetup-gfx-main-allocator-block-size=16777216"
    "memorysetup-gfx-thread-allocator-block-size=16777216"
    "memorysetup-cache-allocator-block-size=4194304"
    "memorysetup-typetree-allocator-block-size=2097152"
    "memorysetup-profiler-bucket-allocator-granularity=16"
    "memorysetup-profiler-bucket-allocator-bucket-count=8"
    "memorysetup-profiler-bucket-allocator-block-size=33554432"
    "memorysetup-profiler-bucket-allocator-block-count=8"
    "memorysetup-profiler-allocator-block-size=16777216"
    "memorysetup-profiler-editor-allocator-block-size=1048576"
    "memorysetup-temp-allocator-size-main=16777216"
    "memorysetup-job-temp-allocator-block-size=2097152"
    "memorysetup-job-temp-allocator-block-size-background=1048576"
    "memorysetup-job-temp-allocator-reduction-small-platforms=262144"
    "memorysetup-temp-allocator-size-background-worker=32768"
    "memorysetup-temp-allocator-size-job-worker=262144"
    "memorysetup-temp-allocator-size-preload-manager=33554432"
    "memorysetup-temp-allocator-size-nav-mesh-worker=65536"
    "memorysetup-temp-allocator-size-audio-worker=65536"
    "memorysetup-temp-allocator-size-cloud-worker=32768"
    "memorysetup-temp-allocator-size-gi-baking-worker=262144"
    "memorysetup-temp-allocator-size-gfx=262144"
Refreshing native plugins compatible for Editor in 184.53 ms, found 4 plugins.
Preloading 0 native plugins for Editor in 0.00 ms.
Initialize engine version: 2022.1.16f1 (7321c9670bc2)
[Subsystems] Discovering subsystems at path C:/Program Files/Unity/Hub/Editor/2022.1.16f1/Editor/Data/Resources/UnitySubsystems
[Subsystems] Discovering subsystems at path D:/521969/Pixel-Worlds/Assets
GfxDevice: creating device client; threaded=0; jobified=0
Direct3D:
    Version:  Direct3D 11.0 [level 11.1]
    Renderer: NVIDIA GeForce GTX 1650 (ID=0x2188)
    Vendor:   NVIDIA
    VRAM:     3962 MB
    Driver:   31.0.15.1694
Initialize mono
Mono path[0] = 'C:/Program Files/Unity/Hub/Editor/2022.1.16f1/Editor/Data/Managed'
Mono path[1] = 'C:/Program Files/Unity/Hub/Editor/2022.1.16f1/Editor/Data/MonoBleedingEdge/lib/mono/unityjit-win32'
Mono config path = 'C:/Program Files/Unity/Hub/Editor/2022.1.16f1/Editor/Data/MonoBleedingEdge/etc'
Using monoOptions --debugger-agent=transport=dt_socket,embedding=1,server=y,suspend=n,address=127.0.0.1:56628
Begin MonoManager ReloadAssembly
Registering precompiled unity dll's ...
Register platform support module: C:/Program Files/Unity/Hub/Editor/2022.1.16f1/Editor/Data/PlaybackEngines/WebGLSupport/UnityEditor.WebGL.Extensions.dll
Register platform support module: C:/Program Files/Unity/Hub/Editor/2022.1.16f1/Editor/Data/PlaybackEngines/MacStandaloneSupport/UnityEditor.OSXStandalone.Extensions.dll
Register platform support module: C:/Program Files/Unity/Hub/Editor/2022.1.16f1/Editor/Data/PlaybackEngines/AndroidPlayer/UnityEditor.Android.Extensions.dll
Register platform support module: C:/Program Files/Unity/Hub/Editor/2022.1.16f1/Editor/Data/PlaybackEngines/iOSSupport/UnityEditor.iOS.Extensions.dll
Register platform support module: C:/Program Files/Unity/Hub/Editor/2022.1.16f1/Editor/Data/PlaybackEngines/AppleTVSupport/UnityEditor.AppleTV.Extensions.dll
Register platform support module: C:/Program Files/Unity/Hub/Editor/2022.1.16f1/Editor/Data/PlaybackEngines/WindowsStandaloneSupport/UnityEditor.WindowsStandalone.Extensions.dll
Register platform support module: C:/Program Files/Unity/Hub/Editor/2022.1.16f1/Editor/Data/PlaybackEngines/LinuxStandaloneSupport/UnityEditor.LinuxStandalone.Extensions.dll
Register platform support module: C:/Program Files/Unity/Hub/Editor/2022.1.16f1/Editor/Data/PlaybackEngines/MetroSupport/UnityEditor.UWP.Extensions.dll
Registered in 1.193287 seconds.
Native extension for UWP target not found
Native extension for LinuxStandalone target not found
Native extension for WindowsStandalone target not found
[usbmuxd] Start listen thread
[usbmuxd] Listen thread started
Native extension for AppleTV target not found
[usbmuxd] Start listen thread
[usbmuxd] Listen thread started
Native extension for iOS target not found
Native extension for Android target not found
Native extension for OSXStandalone target not found
Native extension for WebGL target not found
Refreshing native plugins compatible for Editor in 122.14 ms, found 4 plugins.
Preloading 0 native plugins for Editor in 0.00 ms.
Mono: successfully reloaded assembly
- Completed reload, in  5.333 seconds
Domain Reload Profiling:
	ReloadAssembly (5334ms)
		BeginReloadAssembly (2028ms)
			ExecutionOrderSort (0ms)
			DisableScriptedObjects (0ms)
			BackupInstance (0ms)
			ReleaseScriptingObjects (0ms)
			CreateAndSetChildDomain (1ms)
		EndReloadAssembly (1994ms)
			LoadAssemblies (2592ms)
			RebuildTransferFunctionScriptingTraits (0ms)
			SetupTypeCache (132ms)
				TypeCache.Initialize (131ms)
					TypeCache.ScanAssembly (129ms)
				ResolveRequiredComponents (0ms)
			ReleaseScriptCaches (0ms)
			RebuildScriptCaches (27ms)
			SetupLoadedEditorAssemblies (1207ms)
				LogAssemblyErrors (0ms)
				InitializePlatformSupportModulesInManaged (930ms)
				SetLoadedEditorAssemblies (6ms)
				RefreshPlugins (122ms)
				BeforeProcessingInitializeOnLoad (1ms)
				ProcessInitializeOnLoadAttributes (103ms)
				ProcessInitializeOnLoadMethodAttributes (44ms)
				AfterProcessingInitializeOnLoad (0ms)
				EditorAssembliesLoaded (0ms)
			ExecutionOrderSort2 (0ms)
			AwakeInstancesAfterBackupRestoration (0ms)
Platform modules already initialized, skipping
Registering precompiled user dll's ...
Registered in 0.102421 seconds.
Begin MonoManager ReloadAssembly
Symbol file LoadedFromMemory doesn't match image D:\521969\Pixel-Worlds\Library\PackageCache\com.unity.visualscripting@1.7.8\Editor\VisualScripting.Core\Dependencies\YamlDotNet\Unity.VisualScripting.YamlDotNet.dll
Symbol file LoadedFromMemory doesn't match image D:\521969\Pixel-Worlds\Library\PackageCache\com.unity.visualscripting@1.7.8\Editor\VisualScripting.Core\Dependencies\DotNetZip\Unity.VisualScripting.IonicZip.dll
Native extension for UWP target not found
Native extension for LinuxStandalone target not found
Native extension for WindowsStandalone target not found
Native extension for AppleTV target not found
Native extension for iOS target not found
Native extension for Android target not found
Native extension for OSXStandalone target not found
Native extension for WebGL target not found
Refreshing native plugins compatible for Editor in 126.55 ms, found 4 plugins.
Preloading 0 native plugins for Editor in 0.00 ms.
Mono: successfully reloaded assembly
- Completed reload, in  2.426 seconds
Domain Reload Profiling:
	ReloadAssembly (2428ms)
		BeginReloadAssembly (181ms)
			ExecutionOrderSort (0ms)
			DisableScriptedObjects (6ms)
			BackupInstance (0ms)
			ReleaseScriptingObjects (0ms)
			CreateAndSetChildDomain (27ms)
		EndReloadAssembly (2101ms)
			LoadAssemblies (649ms)
			RebuildTransferFunctionScriptingTraits (0ms)
			SetupTypeCache (489ms)
				TypeCache.Initialize (477ms)
					TypeCache.ScanAssembly (459ms)
				ResolveRequiredComponents (13ms)
			ReleaseScriptCaches (2ms)
			RebuildScriptCaches (75ms)
			SetupLoadedEditorAssemblies (879ms)
				LogAssemblyErrors (0ms)
				InitializePlatformSupportModulesInManaged (43ms)
				SetLoadedEditorAssemblies (10ms)
				RefreshPlugins (127ms)
				BeforeProcessingInitializeOnLoad (131ms)
				ProcessInitializeOnLoadAttributes (359ms)
				ProcessInitializeOnLoadMethodAttributes (193ms)
				AfterProcessingInitializeOnLoad (15ms)
				EditorAssembliesLoaded (0ms)
			ExecutionOrderSort2 (0ms)
			AwakeInstancesAfterBackupRestoration (6ms)
Platform modules already initialized, skipping
========================================================================
Worker process is ready to serve import requests
Launched and connected shader compiler UnityShaderCompiler.exe after 0.36 seconds
Refreshing native plugins compatible for Editor in 2.21 ms, found 4 plugins.
Preloading 0 native plugins for Editor in 0.00 ms.
Unloading 5622 Unused Serialized files (Serialized files now loaded: 0)
Unloading 40 unused Assets / (347.8 KB). Loaded Objects now: 6080.
Memory consumption went from 0.87 GB to 0.87 GB.
Total: 8.215700 ms (FindLiveObjects: 1.419400 ms CreateObjectMapping: 0.746100 ms MarkObjects: 5.649000 ms  DeleteObjects: 0.399100 ms)

AssetImportParameters requested are different than current active one (requested -> active):
  custom:video-decoder-ogg-theora: a1e56fd34408186e4bbccfd4996cb3dc -> 
  custom:container-muxer-webm: aa71ff27fc2769a1b78a27578f13a17b -> 
  custom:container-demuxer-webm: 4f35f7cbe854078d1ac9338744f61a02 -> 
  custom:video-encoder-webm-vp8: eb34c28f22e8b96e1ab97ce403110664 -> 
  custom:audio-encoder-webm-vorbis: bf7c407c2cedff20999df2af8eb42d56 -> 
  custom:framework-win-MediaFoundation: 216162199b28c13a410421893ffa2e32 -> 
  custom:container-demuxer-ogg: 62fdf1f143b41e24485cea50d1cbac27 -> 
  custom:video-decoder-webm-vp8: 9c59270c3fd7afecdb556c50c9e8de78 -> 
  custom:audio-decoder-ogg-vorbis: bf7c407c2cedff20999df2af8eb42d56 -> 
========================================================================
Received Import Request.
  Time since last request: 110038.468756 seconds.
  path: Assets/Scenes/Main Menu.unity
  artifactKey: Guid(f4858239867b7194395812e4afb0be63) Importer(815301076,1909f56bfc062723c751e8b465ee728b)
Start importing Assets/Scenes/Main Menu.unity using Guid(f4858239867b7194395812e4afb0be63) Importer(815301076,1909f56bfc062723c751e8b465ee728b)  -> (artifact id: 'dcca873143b2084459f9111180a1fbc6') in 0.039983 seconds 
========================================================================
Received Import Request.
  Time since last request: 191.944599 seconds.
  path: Assets/Tiles/Blocks.prefab
  artifactKey: Guid(7c97dcdce181e5f4882a419b0a8f1f7d) Importer(815301076,1909f56bfc062723c751e8b465ee728b)
Start importing Assets/Tiles/Blocks.prefab using Guid(7c97dcdce181e5f4882a419b0a8f1f7d) Importer(815301076,1909f56bfc062723c751e8b465ee728b)  -> (artifact id: '3f6221b09b26972417ffc118a5fdfb83') in 0.559928 seconds 
========================================================================
Received Import Request.
  Time since last request: 0.000034 seconds.
  path: Assets/Tiles/Stone.asset
  artifactKey: Guid(ec86f6897dddd364db059d21b50a7a2d) Importer(815301076,1909f56bfc062723c751e8b465ee728b)
Start importing Assets/Tiles/Stone.asset using Guid(ec86f6897dddd364db059d21b50a7a2d) Importer(815301076,1909f56bfc062723c751e8b465ee728b)  -> (artifact id: 'babaab709e19aeb9a5728b1f5fcff19a') in 0.032182 seconds 
========================================================================
Received Import Request.
  Time since last request: 0.000038 seconds.
  path: Assets/Tiles/Dirt.asset
  artifactKey: Guid(86048978bb2c10a4ba419ccd33c1ef80) Importer(815301076,1909f56bfc062723c751e8b465ee728b)
Start importing Assets/Tiles/Dirt.asset using Guid(86048978bb2c10a4ba419ccd33c1ef80) Importer(815301076,1909f56bfc062723c751e8b465ee728b)  -> (artifact id: 'c941d9c28307c47c4fe9e58816b2a0cc') in 0.016866 seconds 
========================================================================
Received Import Request.
  Time since last request: 0.000032 seconds.
  path: Assets/Tiles/Flower.asset
  artifactKey: Guid(eff91f65a9736ec44935478b9c2750c5) Importer(815301076,1909f56bfc062723c751e8b465ee728b)
Start importing Assets/Tiles/Flower.asset using Guid(eff91f65a9736ec44935478b9c2750c5) Importer(815301076,1909f56bfc062723c751e8b465ee728b)  -> (artifact id: '0730eb430cccc1184e728f85cb9969cd') in 0.017101 seconds 
========================================================================
Received Import Request.
  Time since last request: 0.000037 seconds.
  path: Assets/Tiles/OakTree.asset
  artifactKey: Guid(704f071d9bf30b7449dc30c129bf049d) Importer(815301076,1909f56bfc062723c751e8b465ee728b)
Start importing Assets/Tiles/OakTree.asset using Guid(704f071d9bf30b7449dc30c129bf049d) Importer(815301076,1909f56bfc062723c751e8b465ee728b)  -> (artifact id: 'f8c0bc1a8d2484bad718d32f81407ede') in 0.018231 seconds 
========================================================================
Received Import Request.
  Time since last request: 0.000035 seconds.
  path: Assets/Tiles/OakBranch.asset
  artifactKey: Guid(5600c5cdbd0d6534b9736fbbc53783b8) Importer(815301076,1909f56bfc062723c751e8b465ee728b)
Start importing Assets/Tiles/OakBranch.asset using Guid(5600c5cdbd0d6534b9736fbbc53783b8) Importer(815301076,1909f56bfc062723c751e8b465ee728b)  -> (artifact id: 'cc764bff8ce18a6b40a90c169e0afa16') in 0.012205 seconds 
========================================================================
Received Prepare
Registering precompiled user dll's ...
Registered in 0.004366 seconds.
Begin MonoManager ReloadAssembly
Symbol file LoadedFromMemory doesn't match image D:\521969\Pixel-Worlds\Library\PackageCache\com.unity.visualscripting@1.7.8\Editor\VisualScripting.Core\Dependencies\YamlDotNet\Unity.VisualScripting.YamlDotNet.dll
Symbol file LoadedFromMemory doesn't match image D:\521969\Pixel-Worlds\Library\PackageCache\com.unity.visualscripting@1.7.8\Editor\VisualScripting.Core\Dependencies\DotNetZip\Unity.VisualScripting.IonicZip.dll
Native extension for UWP target not found
Native extension for LinuxStandalone target not found
Native extension for WindowsStandalone target not found
Native extension for AppleTV target not found
Native extension for iOS target not found
Native extension for Android target not found
Native extension for OSXStandalone target not found
Native extension for WebGL target not found
Refreshing native plugins compatible for Editor in 1.48 ms, found 4 plugins.
Preloading 0 native plugins for Editor in 0.00 ms.
Mono: successfully reloaded assembly
- Completed reload, in  1.213 seconds
Domain Reload Profiling:
	ReloadAssembly (1214ms)
		BeginReloadAssembly (192ms)
			ExecutionOrderSort (0ms)
			DisableScriptedObjects (8ms)
			BackupInstance (0ms)
			ReleaseScriptingObjects (0ms)
			CreateAndSetChildDomain (56ms)
		EndReloadAssembly (926ms)
			LoadAssemblies (112ms)
			RebuildTransferFunctionScriptingTraits (0ms)
			SetupTypeCache (267ms)
				TypeCache.Initialize (256ms)
					TypeCache.ScanAssembly (249ms)
				ResolveRequiredComponents (11ms)
			ReleaseScriptCaches (2ms)
			RebuildScriptCaches (47ms)
			SetupLoadedEditorAssemblies (427ms)
				LogAssemblyErrors (0ms)
				InitializePlatformSupportModulesInManaged (40ms)
				SetLoadedEditorAssemblies (6ms)
				RefreshPlugins (2ms)
				BeforeProcessingInitializeOnLoad (88ms)
				ProcessInitializeOnLoadAttributes (203ms)
				ProcessInitializeOnLoadMethodAttributes (75ms)
				AfterProcessingInitializeOnLoad (12ms)
				EditorAssembliesLoaded (0ms)
			ExecutionOrderSort2 (0ms)
			AwakeInstancesAfterBackupRestoration (11ms)
Platform modules already initialized, skipping
Refreshing native plugins compatible for Editor in 39.59 ms, found 4 plugins.
Preloading 0 native plugins for Editor in 0.00 ms.
Unloading 5466 Unused Serialized files (Serialized files now loaded: 0)
Unloading 27 unused Assets / (309.9 KB). Loaded Objects now: 6137.
Memory consumption went from 0.85 GB to 0.85 GB.
Total: 6.986200 ms (FindLiveObjects: 0.728700 ms CreateObjectMapping: 0.196800 ms MarkObjects: 4.716500 ms  DeleteObjects: 1.343000 ms)

AssetImportParameters requested are different than current active one (requested -> active):
  custom:video-decoder-ogg-theora: a1e56fd34408186e4bbccfd4996cb3dc -> 
  custom:container-muxer-webm: aa71ff27fc2769a1b78a27578f13a17b -> 
  custom:container-demuxer-webm: 4f35f7cbe854078d1ac9338744f61a02 -> 
  custom:video-encoder-webm-vp8: eb34c28f22e8b96e1ab97ce403110664 -> 
  custom:audio-encoder-webm-vorbis: bf7c407c2cedff20999df2af8eb42d56 -> 
  custom:framework-win-MediaFoundation: 216162199b28c13a410421893ffa2e32 -> 
  custom:container-demuxer-ogg: 62fdf1f143b41e24485cea50d1cbac27 -> 
  custom:video-decoder-webm-vp8: 9c59270c3fd7afecdb556c50c9e8de78 -> 
  custom:audio-decoder-ogg-vorbis: bf7c407c2cedff20999df2af8eb42d56 -> 
========================================================================
Received Prepare
Registering precompiled user dll's ...
Registered in 0.004750 seconds.
Begin MonoManager ReloadAssembly
Symbol file LoadedFromMemory doesn't match image D:\521969\Pixel-Worlds\Library\PackageCache\com.unity.visualscripting@1.7.8\Editor\VisualScripting.Core\Dependencies\YamlDotNet\Unity.VisualScripting.YamlDotNet.dll
Symbol file LoadedFromMemory doesn't match image D:\521969\Pixel-Worlds\Library\PackageCache\com.unity.visualscripting@1.7.8\Editor\VisualScripting.Core\Dependencies\DotNetZip\Unity.VisualScripting.IonicZip.dll
Native extension for UWP target not found
Native extension for LinuxStandalone target not found
Native extension for WindowsStandalone target not found
Native extension for AppleTV target not found
Native extension for iOS target not found
Native extension for Android target not found
Native extension for OSXStandalone target not found
Native extension for WebGL target not found
Refreshing native plugins compatible for Editor in 1.32 ms, found 4 plugins.
Preloading 0 native plugins for Editor in 0.00 ms.
Mono: successfully reloaded assembly
- Completed reload, in  1.154 seconds
Domain Reload Profiling:
	ReloadAssembly (1154ms)
		BeginReloadAssembly (145ms)
			ExecutionOrderSort (0ms)
			DisableScriptedObjects (6ms)
			BackupInstance (0ms)
			ReleaseScriptingObjects (0ms)
			CreateAndSetChildDomain (42ms)
		EndReloadAssembly (911ms)
			LoadAssemblies (102ms)
			RebuildTransferFunctionScriptingTraits (0ms)
			SetupTypeCache (267ms)
				TypeCache.Initialize (256ms)
					TypeCache.ScanAssembly (251ms)
				ResolveRequiredComponents (10ms)
			ReleaseScriptCaches (2ms)
			RebuildScriptCaches (46ms)
			SetupLoadedEditorAssemblies (433ms)
				LogAssemblyErrors (0ms)
				InitializePlatformSupportModulesInManaged (41ms)
				SetLoadedEditorAssemblies (7ms)
				RefreshPlugins (1ms)
				BeforeProcessingInitializeOnLoad (86ms)
				ProcessInitializeOnLoadAttributes (210ms)
				ProcessInitializeOnLoadMethodAttributes (75ms)
				AfterProcessingInitializeOnLoad (12ms)
				EditorAssembliesLoaded (0ms)
			ExecutionOrderSort2 (0ms)
			AwakeInstancesAfterBackupRestoration (11ms)
Platform modules already initialized, skipping
Refreshing native plugins compatible for Editor in 2.82 ms, found 4 plugins.
Preloading 0 native plugins for Editor in 0.00 ms.
Unloading 5466 Unused Serialized files (Serialized files now loaded: 0)
Unloading 27 unused Assets / (310.0 KB). Loaded Objects now: 6141.
Memory consumption went from 0.85 GB to 0.85 GB.
Total: 5.127000 ms (FindLiveObjects: 0.679300 ms CreateObjectMapping: 0.229800 ms MarkObjects: 4.083900 ms  DeleteObjects: 0.132900 ms)

AssetImportParameters requested are different than current active one (requested -> active):
  custom:video-decoder-ogg-theora: a1e56fd34408186e4bbccfd4996cb3dc -> 
  custom:container-muxer-webm: aa71ff27fc2769a1b78a27578f13a17b -> 
  custom:container-demuxer-webm: 4f35f7cbe854078d1ac9338744f61a02 -> 
  custom:video-encoder-webm-vp8: eb34c28f22e8b96e1ab97ce403110664 -> 
  custom:audio-encoder-webm-vorbis: bf7c407c2cedff20999df2af8eb42d56 -> 
  custom:framework-win-MediaFoundation: 216162199b28c13a410421893ffa2e32 -> 
  custom:container-demuxer-ogg: 62fdf1f143b41e24485cea50d1cbac27 -> 
  custom:video-decoder-webm-vp8: 9c59270c3fd7afecdb556c50c9e8de78 -> 
  custom:audio-decoder-ogg-vorbis: bf7c407c2cedff20999df2af8eb42d56 -> 
========================================================================
Received Import Request.
  Time since last request: 368.624137 seconds.
  path: Assets/Resources/Tiles/Addons/OakBranch.asset
  artifactKey: Guid(042ab3ef754593b469a1db4d2ba0cd36) Importer(815301076,1909f56bfc062723c751e8b465ee728b)
Start importing Assets/Resources/Tiles/Addons/OakBranch.asset using Guid(042ab3ef754593b469a1db4d2ba0cd36) Importer(815301076,1909f56bfc062723c751e8b465ee728b)  -> (artifact id: '197e01a51840423afb17a09836885887') in 0.089281 seconds 
========================================================================
Received Prepare
Registering precompiled user dll's ...
Registered in 0.005642 seconds.
Begin MonoManager ReloadAssembly
Symbol file LoadedFromMemory doesn't match image D:\521969\Pixel-Worlds\Library\PackageCache\com.unity.visualscripting@1.7.8\Editor\VisualScripting.Core\Dependencies\YamlDotNet\Unity.VisualScripting.YamlDotNet.dll
Symbol file LoadedFromMemory doesn't match image D:\521969\Pixel-Worlds\Library\PackageCache\com.unity.visualscripting@1.7.8\Editor\VisualScripting.Core\Dependencies\DotNetZip\Unity.VisualScripting.IonicZip.dll
Native extension for UWP target not found
Native extension for LinuxStandalone target not found
Native extension for WindowsStandalone target not found
Native extension for AppleTV target not found
Native extension for iOS target not found
Native extension for Android target not found
Native extension for OSXStandalone target not found
Native extension for WebGL target not found
Refreshing native plugins compatible for Editor in 1.23 ms, found 4 plugins.
Preloading 0 native plugins for Editor in 0.00 ms.
Mono: successfully reloaded assembly
- Completed reload, in  1.159 seconds
Domain Reload Profiling:
	ReloadAssembly (1159ms)
		BeginReloadAssembly (147ms)
			ExecutionOrderSort (0ms)
			DisableScriptedObjects (6ms)
			BackupInstance (0ms)
			ReleaseScriptingObjects (0ms)
			CreateAndSetChildDomain (44ms)
		EndReloadAssembly (917ms)
			LoadAssemblies (108ms)
			RebuildTransferFunctionScriptingTraits (0ms)
			SetupTypeCache (258ms)
				TypeCache.Initialize (247ms)
					TypeCache.ScanAssembly (241ms)
				ResolveRequiredComponents (10ms)
			ReleaseScriptCaches (2ms)
			RebuildScriptCaches (46ms)
			SetupLoadedEditorAssemblies (450ms)
				LogAssemblyErrors (0ms)
				InitializePlatformSupportModulesInManaged (41ms)
				SetLoadedEditorAssemblies (6ms)
				RefreshPlugins (1ms)
				BeforeProcessingInitializeOnLoad (87ms)
				ProcessInitializeOnLoadAttributes (210ms)
				ProcessInitializeOnLoadMethodAttributes (82ms)
				AfterProcessingInitializeOnLoad (23ms)
				EditorAssembliesLoaded (0ms)
			ExecutionOrderSort2 (0ms)
			AwakeInstancesAfterBackupRestoration (12ms)
Platform modules already initialized, skipping
Refreshing native plugins compatible for Editor in 2.45 ms, found 4 plugins.
Preloading 0 native plugins for Editor in 0.00 ms.
Unloading 5466 Unused Serialized files (Serialized files now loaded: 0)
Unloading 27 unused Assets / (309.9 KB). Loaded Objects now: 6145.
Memory consumption went from 0.85 GB to 0.85 GB.
Total: 4.159400 ms (FindLiveObjects: 0.563500 ms CreateObjectMapping: 0.157900 ms MarkObjects: 3.336800 ms  DeleteObjects: 0.100200 ms)

AssetImportParameters requested are different than current active one (requested -> active):
  custom:video-decoder-ogg-theora: a1e56fd34408186e4bbccfd4996cb3dc -> 
  custom:container-muxer-webm: aa71ff27fc2769a1b78a27578f13a17b -> 
  custom:container-demuxer-webm: 4f35f7cbe854078d1ac9338744f61a02 -> 
  custom:video-encoder-webm-vp8: eb34c28f22e8b96e1ab97ce403110664 -> 
  custom:audio-encoder-webm-vorbis: bf7c407c2cedff20999df2af8eb42d56 -> 
  custom:framework-win-MediaFoundation: 216162199b28c13a410421893ffa2e32 -> 
  custom:container-demuxer-ogg: 62fdf1f143b41e24485cea50d1cbac27 -> 
  custom:video-decoder-webm-vp8: 9c59270c3fd7afecdb556c50c9e8de78 -> 
  custom:audio-decoder-ogg-vorbis: bf7c407c2cedff20999df2af8eb42d56 -> 
========================================================================
Received Import Request.
  Time since last request: 41.716628 seconds.
  path: Assets/Spritesheet/Tiles/water_0.png
  artifactKey: Guid(3c8187d0ec4bf5e449fe075cb9471416) Importer(815301076,1909f56bfc062723c751e8b465ee728b)
Start importing Assets/Spritesheet/Tiles/water_0.png using Guid(3c8187d0ec4bf5e449fe075cb9471416) Importer(815301076,1909f56bfc062723c751e8b465ee728b)  -> (artifact id: 'a8126c5df940cf2142a457b8cec356dc') in 0.356627 seconds 
========================================================================
Received Import Request.
  Time since last request: 0.000040 seconds.
  path: Assets/Spritesheet/Tiles/Wall_5.png
  artifactKey: Guid(27b77fcc0c64f9344a551b6482a1dbff) Importer(815301076,1909f56bfc062723c751e8b465ee728b)
Start importing Assets/Spritesheet/Tiles/Wall_5.png using Guid(27b77fcc0c64f9344a551b6482a1dbff) Importer(815301076,1909f56bfc062723c751e8b465ee728b)  -> (artifact id: '7479ec6e0f24434b575c7a1ced0ab17e') in 0.063246 seconds 
========================================================================
Received Import Request.
  Time since last request: 0.000035 seconds.
  path: Assets/Spritesheet/Tiles/Wall_4.png
  artifactKey: Guid(27c5f4c96c8656e498492373b591b7ac) Importer(815301076,1909f56bfc062723c751e8b465ee728b)
Start importing Assets/Spritesheet/Tiles/Wall_4.png using Guid(27c5f4c96c8656e498492373b591b7ac) Importer(815301076,1909f56bfc062723c751e8b465ee728b)  -> (artifact id: '2537fbf46810995b16c136e2b553a2fe') in 0.034909 seconds 
========================================================================
Received Import Request.
  Time since last request: 0.000024 seconds.
  path: Assets/Spritesheet/Tiles/Tiles_9.png
  artifactKey: Guid(d2794c2d24f1c044382361ac44d8b254) Importer(815301076,1909f56bfc062723c751e8b465ee728b)
Start importing Assets/Spritesheet/Tiles/Tiles_9.png using Guid(d2794c2d24f1c044382361ac44d8b254) Importer(815301076,1909f56bfc062723c751e8b465ee728b)  -> (artifact id: 'f298bc5990cbb329b330112027445acf') in 0.048416 seconds 
========================================================================
Received Import Request.
  Time since last request: 0.000028 seconds.
  path: Assets/Spritesheet/Tiles/Tiles_7.png
  artifactKey: Guid(47ce857b599e5fe44894468b00e711ae) Importer(815301076,1909f56bfc062723c751e8b465ee728b)
Start importing Assets/Spritesheet/Tiles/Tiles_7.png using Guid(47ce857b599e5fe44894468b00e711ae) Importer(815301076,1909f56bfc062723c751e8b465ee728b)  -> (artifact id: '8856c19dac2e75f57c0c4314e8d1eaec') in 0.043269 seconds 
========================================================================
Received Import Request.
  Time since last request: 0.000024 seconds.
  path: Assets/Spritesheet/Tiles/water_1.png
  artifactKey: Guid(6379b42bd33c0bf40812ac9156ba2d69) Importer(815301076,1909f56bfc062723c751e8b465ee728b)
Start importing Assets/Spritesheet/Tiles/water_1.png using Guid(6379b42bd33c0bf40812ac9156ba2d69) Importer(815301076,1909f56bfc062723c751e8b465ee728b)  -> (artifact id: '673869b11dcfa15c2fbba7a5d2d9055f') in 0.040273 seconds 
========================================================================
Received Import Request.
  Time since last request: 0.000028 seconds.
  path: Assets/Spritesheet/Tiles/Tiles_147.png
  artifactKey: Guid(76c0875d5ec24c74aaa0b0c7c9bbe482) Importer(815301076,1909f56bfc062723c751e8b465ee728b)
Start importing Assets/Spritesheet/Tiles/Tiles_147.png using Guid(76c0875d5ec24c74aaa0b0c7c9bbe482) Importer(815301076,1909f56bfc062723c751e8b465ee728b)  -> (artifact id: '053a02c18622407dea6c0c4c44d0e7d6') in 0.025892 seconds 
========================================================================
Received Import Request.
  Time since last request: 0.000040 seconds.
  path: Assets/Spritesheet/Player/Torso.png
  artifactKey: Guid(5317b8c41061ad64092a5e76c526de37) Importer(815301076,1909f56bfc062723c751e8b465ee728b)
Start importing Assets/Spritesheet/Player/Torso.png using Guid(5317b8c41061ad64092a5e76c526de37) Importer(815301076,1909f56bfc062723c751e8b465ee728b)  -> (artifact id: '23425128d985040253b37f8e0468ecd8') in 0.052506 seconds 
========================================================================
Received Import Request.
  Time since last request: 0.000048 seconds.
  path: Assets/Spritesheet/Tiles/Wall_2.png
  artifactKey: Guid(f44077ec05162a645bc6383b21aecd30) Importer(815301076,1909f56bfc062723c751e8b465ee728b)
Start importing Assets/Spritesheet/Tiles/Wall_2.png using Guid(f44077ec05162a645bc6383b21aecd30) Importer(815301076,1909f56bfc062723c751e8b465ee728b)  -> (artifact id: 'b7cf8d5b4b67f4210e9e68cd79be6fff') in 0.039749 seconds 
========================================================================
Received Import Request.
  Time since last request: 0.000033 seconds.
  path: Assets/Spritesheet/Tiles/Wall_21.png
  artifactKey: Guid(f51f55f4f3b501645b240f6ad9d8832d) Importer(815301076,1909f56bfc062723c751e8b465ee728b)
Start importing Assets/Spritesheet/Tiles/Wall_21.png using Guid(f51f55f4f3b501645b240f6ad9d8832d) Importer(815301076,1909f56bfc062723c751e8b465ee728b)  -> (artifact id: 'b825bb74d95b96b80ab2add5e828e8e7') in 0.023545 seconds 
========================================================================
Received Import Request.
  Time since last request: 0.000030 seconds.
  path: Assets/Spritesheet/Tiles/Tiles_53.png
  artifactKey: Guid(7a886d93a7192364780712fdd6f18f8d) Importer(815301076,1909f56bfc062723c751e8b465ee728b)
Start importing Assets/Spritesheet/Tiles/Tiles_53.png using Guid(7a886d93a7192364780712fdd6f18f8d) Importer(815301076,1909f56bfc062723c751e8b465ee728b)  -> (artifact id: '876796c18e1df4dbe78b948d6b792839') in 0.032021 seconds 
========================================================================
Received Import Request.
  Time since last request: 0.000040 seconds.
  path: Assets/Spritesheet/Tiles/Tiles_6.png
  artifactKey: Guid(f247a270a28c3184c93eb40f86f7e6fb) Importer(815301076,1909f56bfc062723c751e8b465ee728b)
Start importing Assets/Spritesheet/Tiles/Tiles_6.png using Guid(f247a270a28c3184c93eb40f86f7e6fb) Importer(815301076,1909f56bfc062723c751e8b465ee728b)  -> (artifact id: 'bdf3b4f76963c0e91fde2b01ea3bf302') in 0.029410 seconds 
========================================================================
Received Import Request.
  Time since last request: 0.000044 seconds.
  path: Assets/Spritesheet/Tiles/Tiles_54.png
  artifactKey: Guid(a9dd5bf5bf0f84545a0ecc0ca9142ef5) Importer(815301076,1909f56bfc062723c751e8b465ee728b)
Start importing Assets/Spritesheet/Tiles/Tiles_54.png using Guid(a9dd5bf5bf0f84545a0ecc0ca9142ef5) Importer(815301076,1909f56bfc062723c751e8b465ee728b)  -> (artifact id: '3ce58d0d6e144cc2d6aefa8dc6affc2b') in 0.042719 seconds 
========================================================================
Received Import Request.
  Time since last request: 0.000025 seconds.
  path: Assets/Spritesheet/Tiles/water_11.png
  artifactKey: Guid(fa3187cb16890164c85d37ba500b22c6) Importer(815301076,1909f56bfc062723c751e8b465ee728b)
Start importing Assets/Spritesheet/Tiles/water_11.png using Guid(fa3187cb16890164c85d37ba500b22c6) Importer(815301076,1909f56bfc062723c751e8b465ee728b)  -> (artifact id: 'f82da833b97ec03c7c5c8f983d8cb37f') in 0.032619 seconds 
========================================================================
Received Import Request.
  Time since last request: 0.000041 seconds.
  path: Assets/Spritesheet/Tiles/Wall_1.png
  artifactKey: Guid(d96356b3b8dcce74fba52613dc429f8d) Importer(815301076,1909f56bfc062723c751e8b465ee728b)
Start importing Assets/Spritesheet/Tiles/Wall_1.png using Guid(d96356b3b8dcce74fba52613dc429f8d) Importer(815301076,1909f56bfc062723c751e8b465ee728b)  -> (artifact id: '9ab311e9cf1c122da321cb2a13268260') in 0.034475 seconds 
========================================================================
Received Import Request.
  Time since last request: 0.000025 seconds.
  path: Assets/Spritesheet/Tiles/Tiles_38.png
  artifactKey: Guid(0c91c6096feedc645adb909e37db8894) Importer(815301076,1909f56bfc062723c751e8b465ee728b)
Start importing Assets/Spritesheet/Tiles/Tiles_38.png using Guid(0c91c6096feedc645adb909e37db8894) Importer(815301076,1909f56bfc062723c751e8b465ee728b)  -> (artifact id: '2ad4898dfad737131c3f5fb499fb946b') in 0.033629 seconds 
========================================================================
Received Import Request.
  Time since last request: 61.671956 seconds.
  path: Assets/Spritesheet/Player/Legs.png
  artifactKey: Guid(cb1fadde4df42d64895edc6dda3049b4) Importer(815301076,1909f56bfc062723c751e8b465ee728b)
Start importing Assets/Spritesheet/Player/Legs.png using Guid(cb1fadde4df42d64895edc6dda3049b4) Importer(815301076,1909f56bfc062723c751e8b465ee728b)  -> (artifact id: 'b537a02230878a44f3da7ca3c6d42dc0') in 0.313396 seconds 
========================================================================
Received Import Request.
  Time since last request: 0.000041 seconds.
  path: Assets/Spritesheet/Player/Eyes.png
  artifactKey: Guid(036a17294cbbb6b438c16eaab5b949cf) Importer(815301076,1909f56bfc062723c751e8b465ee728b)
Start importing Assets/Spritesheet/Player/Eyes.png using Guid(036a17294cbbb6b438c16eaab5b949cf) Importer(815301076,1909f56bfc062723c751e8b465ee728b)  -> (artifact id: 'd2e0ab1f83f999a3cd8b86b2004190e8') in 0.332190 seconds 
========================================================================
Received Import Request.
  Time since last request: 0.000033 seconds.
  path: Assets/Spritesheet/UI/Parallax Background.png
  artifactKey: Guid(6b8c4afcb8e1e3e47b606cbcb4af7814) Importer(815301076,1909f56bfc062723c751e8b465ee728b)
Start importing Assets/Spritesheet/UI/Parallax Background.png using Guid(6b8c4afcb8e1e3e47b606cbcb4af7814) Importer(815301076,1909f56bfc062723c751e8b465ee728b)  -> (artifact id: 'a72f6aa72a5fa12ae34c98731836654a') in 0.117624 seconds 
========================================================================
Received Import Request.
  Time since last request: 15.970166 seconds.
  path: Assets/Tiles/Addon.prefab
  artifactKey: Guid(4ac4d46e69966c1419d71239c7d59259) Importer(815301076,1909f56bfc062723c751e8b465ee728b)
Start importing Assets/Tiles/Addon.prefab using Guid(4ac4d46e69966c1419d71239c7d59259) Importer(815301076,1909f56bfc062723c751e8b465ee728b)  -> (artifact id: '90d04296e23c3f33853d460129e81ece') in 0.323467 seconds 
========================================================================
Received Import Request.
  Time since last request: 71.119773 seconds.
  path: Assets/Spritesheet/UI/alex_face.png
  artifactKey: Guid(3a0868cbc4d00ac43bd9f888e622b180) Importer(815301076,1909f56bfc062723c751e8b465ee728b)
Start importing Assets/Spritesheet/UI/alex_face.png using Guid(3a0868cbc4d00ac43bd9f888e622b180) Importer(815301076,1909f56bfc062723c751e8b465ee728b)  -> (artifact id: '26b2cc42a5778d212b8c2e847da70817') in 0.309353 seconds 
========================================================================
Received Import Request.
  Time since last request: 0.000028 seconds.
  path: Assets/Spritesheet/UI/Back.png
  artifactKey: Guid(4a849eaa553187440856c18ea9c3f775) Importer(815301076,1909f56bfc062723c751e8b465ee728b)
Start importing Assets/Spritesheet/UI/Back.png using Guid(4a849eaa553187440856c18ea9c3f775) Importer(815301076,1909f56bfc062723c751e8b465ee728b)  -> (artifact id: '7de6a34fffd829c19eb58201e6d5e873') in 0.070663 seconds 
========================================================================
Received Import Request.
  Time since last request: 169.443064 seconds.
  path: Assets/Spritesheet/Tiles
  artifactKey: Guid(ab3846ac9f547b14a80996c9eeca0981) Importer(815301076,1909f56bfc062723c751e8b465ee728b)
Start importing Assets/Spritesheet/Tiles using Guid(ab3846ac9f547b14a80996c9eeca0981) Importer(815301076,1909f56bfc062723c751e8b465ee728b)  -> (artifact id: '24ad2445618d7b84f22fffcdf2d172d3') in 0.002175 seconds 
========================================================================
Received Import Request.
  Time since last request: 0.065412 seconds.
  path: Assets/Spritesheet/Tiles/Grass.png
  artifactKey: Guid(957bcd825a9c88e4f8b2dd92b4f5fc3d) Importer(815301076,1909f56bfc062723c751e8b465ee728b)
Start importing Assets/Spritesheet/Tiles/Grass.png using Guid(957bcd825a9c88e4f8b2dd92b4f5fc3d) Importer(815301076,1909f56bfc062723c751e8b465ee728b)  -> (artifact id: 'a07fec0cfecb26ed93795043eb860693') in 0.803234 seconds 
========================================================================
Received Import Request.
  Time since last request: 74.293082 seconds.
  path: Assets/Spritesheet/Tiles/OakTreeTop.png
  artifactKey: Guid(3d333fa7501153645a3702c3a5b1375f) Importer(815301076,1909f56bfc062723c751e8b465ee728b)
Start importing Assets/Spritesheet/Tiles/OakTreeTop.png using Guid(3d333fa7501153645a3702c3a5b1375f) Importer(815301076,1909f56bfc062723c751e8b465ee728b)  -> (artifact id: 'a7e2a9060f8a36945bd358dfa3999344') in 0.039263 seconds 
========================================================================
Received Import Request.
  Time since last request: 16.682596 seconds.
  path: Assets/Tiles/Addon.prefab
  artifactKey: Guid(4ac4d46e69966c1419d71239c7d59259) Importer(815301076,1909f56bfc062723c751e8b465ee728b)
Start importing Assets/Tiles/Addon.prefab using Guid(4ac4d46e69966c1419d71239c7d59259) Importer(815301076,1909f56bfc062723c751e8b465ee728b)  -> (artifact id: '793b29d69910573f633ed834942fa3a5') in 0.026062 seconds 
========================================================================
Received Import Request.
  Time since last request: 94.469308 seconds.
  path: Assets/Spritesheet
  artifactKey: Guid(f71ad978ca15a284f94dcee551ebb886) Importer(815301076,1909f56bfc062723c751e8b465ee728b)
Start importing Assets/Spritesheet using Guid(f71ad978ca15a284f94dcee551ebb886) Importer(815301076,1909f56bfc062723c751e8b465ee728b)  -> (artifact id: 'fd6d37ea5d53e4ad49ebcdd8e8f1b5a6') in 0.014019 seconds 
========================================================================
Received Import Request.
  Time since last request: 14.585947 seconds.
  path: Assets/Spritesheet/Tiles/OakTreeTop.png
  artifactKey: Guid(3d333fa7501153645a3702c3a5b1375f) Importer(815301076,1909f56bfc062723c751e8b465ee728b)
Start importing Assets/Spritesheet/Tiles/OakTreeTop.png using Guid(3d333fa7501153645a3702c3a5b1375f) Importer(815301076,1909f56bfc062723c751e8b465ee728b)  -> (artifact id: '3436170baf106a1f7323ffd16ec1c0df') in 0.022323 seconds 
========================================================================
Received Import Request.
  Time since last request: 6.050736 seconds.
  path: Assets/Spritesheet/Tiles/OakTreeTop.png
  artifactKey: Guid(3d333fa7501153645a3702c3a5b1375f) Importer(815301076,1909f56bfc062723c751e8b465ee728b)
Start importing Assets/Spritesheet/Tiles/OakTreeTop.png using Guid(3d333fa7501153645a3702c3a5b1375f) Importer(815301076,1909f56bfc062723c751e8b465ee728b)  -> (artifact id: '2ed68cf01e45b81e22b8dad11521426b') in 0.022529 seconds 
========================================================================
Received Import Request.
  Time since last request: 8.875864 seconds.
  path: Assets/Spritesheet/Tiles/OakTreeTop.png
  artifactKey: Guid(3d333fa7501153645a3702c3a5b1375f) Importer(815301076,1909f56bfc062723c751e8b465ee728b)
Start importing Assets/Spritesheet/Tiles/OakTreeTop.png using Guid(3d333fa7501153645a3702c3a5b1375f) Importer(815301076,1909f56bfc062723c751e8b465ee728b)  -> (artifact id: '984b6d894a09a7ccad80b070d9467157') in 0.039119 seconds 
========================================================================
Received Import Request.
  Time since last request: 5.367949 seconds.
  path: Assets/Spritesheet/Tiles/OakTreeTop.png
  artifactKey: Guid(3d333fa7501153645a3702c3a5b1375f) Importer(815301076,1909f56bfc062723c751e8b465ee728b)
Start importing Assets/Spritesheet/Tiles/OakTreeTop.png using Guid(3d333fa7501153645a3702c3a5b1375f) Importer(815301076,1909f56bfc062723c751e8b465ee728b)  -> (artifact id: '9ea85fa76570e8dfe4c337ebe706bd27') in 0.020863 seconds 
========================================================================
Received Import Request.
  Time since last request: 4.386449 seconds.
  path: Assets/Spritesheet/Tiles/OakTreeTop.png
  artifactKey: Guid(3d333fa7501153645a3702c3a5b1375f) Importer(815301076,1909f56bfc062723c751e8b465ee728b)
Start importing Assets/Spritesheet/Tiles/OakTreeTop.png using Guid(3d333fa7501153645a3702c3a5b1375f) Importer(815301076,1909f56bfc062723c751e8b465ee728b)  -> (artifact id: '2853a42be1bb6b65037d11860dc07be7') in 0.020958 seconds 
========================================================================
Received Import Request.
  Time since last request: 3.681536 seconds.
  path: Assets/Spritesheet/Tiles/OakTreeTop.png
  artifactKey: Guid(3d333fa7501153645a3702c3a5b1375f) Importer(815301076,1909f56bfc062723c751e8b465ee728b)
Start importing Assets/Spritesheet/Tiles/OakTreeTop.png using Guid(3d333fa7501153645a3702c3a5b1375f) Importer(815301076,1909f56bfc062723c751e8b465ee728b)  -> (artifact id: '0752e6f1b6ece5dc3acce4a31dfe143f') in 0.021190 seconds 
========================================================================
Received Import Request.
  Time since last request: 7.986652 seconds.
  path: Assets/Spritesheet/Tiles/OakTreeTop.png
  artifactKey: Guid(3d333fa7501153645a3702c3a5b1375f) Importer(815301076,1909f56bfc062723c751e8b465ee728b)
Start importing Assets/Spritesheet/Tiles/OakTreeTop.png using Guid(3d333fa7501153645a3702c3a5b1375f) Importer(815301076,1909f56bfc062723c751e8b465ee728b)  -> (artifact id: '19379e45f100da2503d6909f6d0929cb') in 0.023879 seconds 
========================================================================
Received Import Request.
  Time since last request: 16.909320 seconds.
  path: Assets/Spritesheet/Tiles/OakTreeTop.png
  artifactKey: Guid(3d333fa7501153645a3702c3a5b1375f) Importer(815301076,1909f56bfc062723c751e8b465ee728b)
Start importing Assets/Spritesheet/Tiles/OakTreeTop.png using Guid(3d333fa7501153645a3702c3a5b1375f) Importer(815301076,1909f56bfc062723c751e8b465ee728b)  -> (artifact id: '61c2fee6560bc6125713f84beebad2ae') in 0.021754 seconds 
========================================================================
Received Import Request.
  Time since last request: 4.036023 seconds.
  path: Assets/Spritesheet/Tiles/OakTreeTop.png
  artifactKey: Guid(3d333fa7501153645a3702c3a5b1375f) Importer(815301076,1909f56bfc062723c751e8b465ee728b)
Start importing Assets/Spritesheet/Tiles/OakTreeTop.png using Guid(3d333fa7501153645a3702c3a5b1375f) Importer(815301076,1909f56bfc062723c751e8b465ee728b)  -> (artifact id: '2aebc37c176668aece55551b5db483a0') in 0.021229 seconds 
========================================================================
Received Import Request.
  Time since last request: 15.150634 seconds.
  path: Assets/Spritesheet/Tiles/OakTreeTop.png
  artifactKey: Guid(3d333fa7501153645a3702c3a5b1375f) Importer(815301076,1909f56bfc062723c751e8b465ee728b)
Start importing Assets/Spritesheet/Tiles/OakTreeTop.png using Guid(3d333fa7501153645a3702c3a5b1375f) Importer(815301076,1909f56bfc062723c751e8b465ee728b)  -> (artifact id: '1fa98d154d4f1ae6d7769784b3bf7a45') in 0.021233 seconds 
========================================================================
Received Import Request.
  Time since last request: 10.309990 seconds.
  path: Assets/Spritesheet/Tiles/OakTreeTop.png
  artifactKey: Guid(3d333fa7501153645a3702c3a5b1375f) Importer(815301076,1909f56bfc062723c751e8b465ee728b)
Start importing Assets/Spritesheet/Tiles/OakTreeTop.png using Guid(3d333fa7501153645a3702c3a5b1375f) Importer(815301076,1909f56bfc062723c751e8b465ee728b)  -> (artifact id: '7a7f3c49ebae7110da5fc990ed0ae959') in 0.021434 seconds 
========================================================================
Received Import Request.
  Time since last request: 28.676449 seconds.
  path: Assets/Spritesheet/Tiles/OakTreeTop.png
  artifactKey: Guid(3d333fa7501153645a3702c3a5b1375f) Importer(815301076,1909f56bfc062723c751e8b465ee728b)
Start importing Assets/Spritesheet/Tiles/OakTreeTop.png using Guid(3d333fa7501153645a3702c3a5b1375f) Importer(815301076,1909f56bfc062723c751e8b465ee728b)  -> (artifact id: '3c3678b283ae184987316a64dff577fa') in 0.041065 seconds 
========================================================================
Received Import Request.
  Time since last request: 18.433431 seconds.
  path: Assets/Spritesheet/UI/Front.png
  artifactKey: Guid(664d7220a3e12154b86bd4557aa54e90) Importer(815301076,1909f56bfc062723c751e8b465ee728b)
Start importing Assets/Spritesheet/UI/Front.png using Guid(664d7220a3e12154b86bd4557aa54e90) Importer(815301076,1909f56bfc062723c751e8b465ee728b)  -> (artifact id: '638e3cb3c91818a81e92bb08cc0cece5') in 0.057753 seconds 
========================================================================
Received Prepare
Registering precompiled user dll's ...
Registered in 0.004118 seconds.
Begin MonoManager ReloadAssembly
Symbol file LoadedFromMemory doesn't match image D:\521969\Pixel-Worlds\Library\PackageCache\com.unity.visualscripting@1.7.8\Editor\VisualScripting.Core\Dependencies\YamlDotNet\Unity.VisualScripting.YamlDotNet.dll
Symbol file LoadedFromMemory doesn't match image D:\521969\Pixel-Worlds\Library\PackageCache\com.unity.visualscripting@1.7.8\Editor\VisualScripting.Core\Dependencies\DotNetZip\Unity.VisualScripting.IonicZip.dll
Native extension for UWP target not found
Native extension for LinuxStandalone target not found
Native extension for WindowsStandalone target not found
Native extension for AppleTV target not found
Native extension for iOS target not found
Native extension for Android target not found
Native extension for OSXStandalone target not found
Native extension for WebGL target not found
Refreshing native plugins compatible for Editor in 1.92 ms, found 4 plugins.
Preloading 0 native plugins for Editor in 0.00 ms.
Mono: successfully reloaded assembly
- Completed reload, in  1.454 seconds
Domain Reload Profiling:
	ReloadAssembly (1455ms)
		BeginReloadAssembly (195ms)
			ExecutionOrderSort (0ms)
			DisableScriptedObjects (10ms)
			BackupInstance (0ms)
			ReleaseScriptingObjects (0ms)
			CreateAndSetChildDomain (61ms)
		EndReloadAssembly (1139ms)
			LoadAssemblies (140ms)
			RebuildTransferFunctionScriptingTraits (0ms)
			SetupTypeCache (325ms)
				TypeCache.Initialize (312ms)
					TypeCache.ScanAssembly (303ms)
				ResolveRequiredComponents (13ms)
			ReleaseScriptCaches (3ms)
			RebuildScriptCaches (61ms)
			SetupLoadedEditorAssemblies (536ms)
				LogAssemblyErrors (0ms)
				InitializePlatformSupportModulesInManaged (50ms)
				SetLoadedEditorAssemblies (8ms)
				RefreshPlugins (2ms)
				BeforeProcessingInitializeOnLoad (110ms)
				ProcessInitializeOnLoadAttributes (251ms)
				ProcessInitializeOnLoadMethodAttributes (100ms)
				AfterProcessingInitializeOnLoad (15ms)
				EditorAssembliesLoaded (0ms)
			ExecutionOrderSort2 (0ms)
			AwakeInstancesAfterBackupRestoration (14ms)
Platform modules already initialized, skipping
Refreshing native plugins compatible for Editor in 3.56 ms, found 4 plugins.
Preloading 0 native plugins for Editor in 0.00 ms.
Unloading 5466 Unused Serialized files (Serialized files now loaded: 0)
Unloading 27 unused Assets / (310.0 KB). Loaded Objects now: 6220.
Memory consumption went from 0.85 GB to 0.85 GB.
Total: 4.860400 ms (FindLiveObjects: 0.887700 ms CreateObjectMapping: 0.166700 ms MarkObjects: 3.689900 ms  DeleteObjects: 0.115300 ms)

AssetImportParameters requested are different than current active one (requested -> active):
  custom:video-decoder-ogg-theora: a1e56fd34408186e4bbccfd4996cb3dc -> 
  custom:container-muxer-webm: aa71ff27fc2769a1b78a27578f13a17b -> 
  custom:container-demuxer-webm: 4f35f7cbe854078d1ac9338744f61a02 -> 
  custom:video-encoder-webm-vp8: eb34c28f22e8b96e1ab97ce403110664 -> 
  custom:audio-encoder-webm-vorbis: bf7c407c2cedff20999df2af8eb42d56 -> 
  custom:framework-win-MediaFoundation: 216162199b28c13a410421893ffa2e32 -> 
  custom:container-demuxer-ogg: 62fdf1f143b41e24485cea50d1cbac27 -> 
  custom:video-decoder-webm-vp8: 9c59270c3fd7afecdb556c50c9e8de78 -> 
  custom:audio-decoder-ogg-vorbis: bf7c407c2cedff20999df2af8eb42d56 -> 
========================================================================
Received Prepare
Registering precompiled user dll's ...
Registered in 0.005009 seconds.
Begin MonoManager ReloadAssembly
Symbol file LoadedFromMemory doesn't match image D:\521969\Pixel-Worlds\Library\PackageCache\com.unity.visualscripting@1.7.8\Editor\VisualScripting.Core\Dependencies\YamlDotNet\Unity.VisualScripting.YamlDotNet.dll
Symbol file LoadedFromMemory doesn't match image D:\521969\Pixel-Worlds\Library\PackageCache\com.unity.visualscripting@1.7.8\Editor\VisualScripting.Core\Dependencies\DotNetZip\Unity.VisualScripting.IonicZip.dll
Native extension for UWP target not found
Native extension for LinuxStandalone target not found
Native extension for WindowsStandalone target not found
Native extension for AppleTV target not found
Native extension for iOS target not found
Native extension for Android target not found
Native extension for OSXStandalone target not found
Native extension for WebGL target not found
Refreshing native plugins compatible for Editor in 1.40 ms, found 4 plugins.
Preloading 0 native plugins for Editor in 0.00 ms.
Mono: successfully reloaded assembly
- Completed reload, in  1.189 seconds
Domain Reload Profiling:
	ReloadAssembly (1190ms)
		BeginReloadAssembly (149ms)
			ExecutionOrderSort (0ms)
			DisableScriptedObjects (8ms)
			BackupInstance (0ms)
			ReleaseScriptingObjects (0ms)
			CreateAndSetChildDomain (41ms)
		EndReloadAssembly (937ms)
			LoadAssemblies (104ms)
			RebuildTransferFunctionScriptingTraits (0ms)
			SetupTypeCache (260ms)
				TypeCache.Initialize (249ms)
					TypeCache.ScanAssembly (243ms)
				ResolveRequiredComponents (11ms)
			ReleaseScriptCaches (2ms)
			RebuildScriptCaches (47ms)
			SetupLoadedEditorAssemblies (468ms)
				LogAssemblyErrors (0ms)
				InitializePlatformSupportModulesInManaged (45ms)
				SetLoadedEditorAssemblies (8ms)
				RefreshPlugins (1ms)
				BeforeProcessingInitializeOnLoad (93ms)
				ProcessInitializeOnLoadAttributes (220ms)
				ProcessInitializeOnLoadMethodAttributes (87ms)
				AfterProcessingInitializeOnLoad (13ms)
				EditorAssembliesLoaded (0ms)
			ExecutionOrderSort2 (0ms)
			AwakeInstancesAfterBackupRestoration (12ms)
Platform modules already initialized, skipping
Refreshing native plugins compatible for Editor in 2.72 ms, found 4 plugins.
Preloading 0 native plugins for Editor in 0.00 ms.
Unloading 5466 Unused Serialized files (Serialized files now loaded: 0)
Unloading 27 unused Assets / (309.9 KB). Loaded Objects now: 6224.
Memory consumption went from 0.85 GB to 0.85 GB.
Total: 4.469800 ms (FindLiveObjects: 0.585600 ms CreateObjectMapping: 0.158700 ms MarkObjects: 3.597600 ms  DeleteObjects: 0.126400 ms)

AssetImportParameters requested are different than current active one (requested -> active):
  custom:video-decoder-ogg-theora: a1e56fd34408186e4bbccfd4996cb3dc -> 
  custom:container-muxer-webm: aa71ff27fc2769a1b78a27578f13a17b -> 
  custom:container-demuxer-webm: 4f35f7cbe854078d1ac9338744f61a02 -> 
  custom:video-encoder-webm-vp8: eb34c28f22e8b96e1ab97ce403110664 -> 
  custom:audio-encoder-webm-vorbis: bf7c407c2cedff20999df2af8eb42d56 -> 
  custom:framework-win-MediaFoundation: 216162199b28c13a410421893ffa2e32 -> 
  custom:container-demuxer-ogg: 62fdf1f143b41e24485cea50d1cbac27 -> 
  custom:video-decoder-webm-vp8: 9c59270c3fd7afecdb556c50c9e8de78 -> 
  custom:audio-decoder-ogg-vorbis: bf7c407c2cedff20999df2af8eb42d56 -> 
========================================================================
Received Prepare
Registering precompiled user dll's ...
Registered in 0.004928 seconds.
Begin MonoManager ReloadAssembly
Symbol file LoadedFromMemory doesn't match image D:\521969\Pixel-Worlds\Library\PackageCache\com.unity.visualscripting@1.7.8\Editor\VisualScripting.Core\Dependencies\YamlDotNet\Unity.VisualScripting.YamlDotNet.dll
Symbol file LoadedFromMemory doesn't match image D:\521969\Pixel-Worlds\Library\PackageCache\com.unity.visualscripting@1.7.8\Editor\VisualScripting.Core\Dependencies\DotNetZip\Unity.VisualScripting.IonicZip.dll
Native extension for UWP target not found
Native extension for LinuxStandalone target not found
Native extension for WindowsStandalone target not found
Native extension for AppleTV target not found
Native extension for iOS target not found
Native extension for Android target not found
Native extension for OSXStandalone target not found
Native extension for WebGL target not found
Refreshing native plugins compatible for Editor in 1.31 ms, found 4 plugins.
Preloading 0 native plugins for Editor in 0.00 ms.
Mono: successfully reloaded assembly
- Completed reload, in  1.349 seconds
Domain Reload Profiling:
	ReloadAssembly (1350ms)
		BeginReloadAssembly (184ms)
			ExecutionOrderSort (0ms)
			DisableScriptedObjects (8ms)
			BackupInstance (0ms)
			ReleaseScriptingObjects (0ms)
			CreateAndSetChildDomain (60ms)
		EndReloadAssembly (1051ms)
			LoadAssemblies (118ms)
			RebuildTransferFunctionScriptingTraits (0ms)
			SetupTypeCache (305ms)
				TypeCache.Initialize (294ms)
					TypeCache.ScanAssembly (286ms)
				ResolveRequiredComponents (11ms)
			ReleaseScriptCaches (2ms)
			RebuildScriptCaches (59ms)
			SetupLoadedEditorAssemblies (502ms)
				LogAssemblyErrors (0ms)
				InitializePlatformSupportModulesInManaged (48ms)
				SetLoadedEditorAssemblies (7ms)
				RefreshPlugins (1ms)
				BeforeProcessingInitializeOnLoad (99ms)
				ProcessInitializeOnLoadAttributes (241ms)
				ProcessInitializeOnLoadMethodAttributes (90ms)
				AfterProcessingInitializeOnLoad (14ms)
				EditorAssembliesLoaded (0ms)
			ExecutionOrderSort2 (0ms)
			AwakeInstancesAfterBackupRestoration (13ms)
Platform modules already initialized, skipping
Refreshing native plugins compatible for Editor in 3.11 ms, found 4 plugins.
Preloading 0 native plugins for Editor in 0.00 ms.
Unloading 5466 Unused Serialized files (Serialized files now loaded: 0)
Unloading 27 unused Assets / (309.9 KB). Loaded Objects now: 6228.
Memory consumption went from 0.85 GB to 0.85 GB.
Total: 4.036400 ms (FindLiveObjects: 0.582400 ms CreateObjectMapping: 0.168000 ms MarkObjects: 3.188100 ms  DeleteObjects: 0.096700 ms)

AssetImportParameters requested are different than current active one (requested -> active):
  custom:video-decoder-ogg-theora: a1e56fd34408186e4bbccfd4996cb3dc -> 
  custom:container-muxer-webm: aa71ff27fc2769a1b78a27578f13a17b -> 
  custom:container-demuxer-webm: 4f35f7cbe854078d1ac9338744f61a02 -> 
  custom:video-encoder-webm-vp8: eb34c28f22e8b96e1ab97ce403110664 -> 
  custom:audio-encoder-webm-vorbis: bf7c407c2cedff20999df2af8eb42d56 -> 
  custom:framework-win-MediaFoundation: 216162199b28c13a410421893ffa2e32 -> 
  custom:container-demuxer-ogg: 62fdf1f143b41e24485cea50d1cbac27 -> 
  custom:video-decoder-webm-vp8: 9c59270c3fd7afecdb556c50c9e8de78 -> 
  custom:audio-decoder-ogg-vorbis: bf7c407c2cedff20999df2af8eb42d56 -> 
========================================================================
Received Prepare
Registering precompiled user dll's ...
Registered in 0.004225 seconds.
Begin MonoManager ReloadAssembly
Symbol file LoadedFromMemory doesn't match image D:\521969\Pixel-Worlds\Library\PackageCache\com.unity.visualscripting@1.7.8\Editor\VisualScripting.Core\Dependencies\YamlDotNet\Unity.VisualScripting.YamlDotNet.dll
Symbol file LoadedFromMemory doesn't match image D:\521969\Pixel-Worlds\Library\PackageCache\com.unity.visualscripting@1.7.8\Editor\VisualScripting.Core\Dependencies\DotNetZip\Unity.VisualScripting.IonicZip.dll
Native extension for UWP target not found
Native extension for LinuxStandalone target not found
Native extension for WindowsStandalone target not found
Native extension for AppleTV target not found
Native extension for iOS target not found
Native extension for Android target not found
Native extension for OSXStandalone target not found
Native extension for WebGL target not found
Refreshing native plugins compatible for Editor in 1.59 ms, found 4 plugins.
Preloading 0 native plugins for Editor in 0.00 ms.
Mono: successfully reloaded assembly
- Completed reload, in  1.324 seconds
Domain Reload Profiling:
	ReloadAssembly (1325ms)
		BeginReloadAssembly (162ms)
			ExecutionOrderSort (0ms)
			DisableScriptedObjects (8ms)
			BackupInstance (0ms)
			ReleaseScriptingObjects (0ms)
			CreateAndSetChildDomain (46ms)
		EndReloadAssembly (1058ms)
			LoadAssemblies (124ms)
			RebuildTransferFunctionScriptingTraits (0ms)
			SetupTypeCache (297ms)
				TypeCache.Initialize (284ms)
					TypeCache.ScanAssembly (277ms)
				ResolveRequiredComponents (12ms)
			ReleaseScriptCaches (2ms)
			RebuildScriptCaches (67ms)
			SetupLoadedEditorAssemblies (504ms)
				LogAssemblyErrors (0ms)
				InitializePlatformSupportModulesInManaged (49ms)
				SetLoadedEditorAssemblies (8ms)
				RefreshPlugins (2ms)
				BeforeProcessingInitializeOnLoad (100ms)
				ProcessInitializeOnLoadAttributes (239ms)
				ProcessInitializeOnLoadMethodAttributes (92ms)
				AfterProcessingInitializeOnLoad (15ms)
				EditorAssembliesLoaded (0ms)
			ExecutionOrderSort2 (0ms)
			AwakeInstancesAfterBackupRestoration (13ms)
Platform modules already initialized, skipping
Refreshing native plugins compatible for Editor in 3.40 ms, found 4 plugins.
Preloading 0 native plugins for Editor in 0.00 ms.
Unloading 5466 Unused Serialized files (Serialized files now loaded: 0)
Unloading 27 unused Assets / (309.8 KB). Loaded Objects now: 6232.
Memory consumption went from 0.85 GB to 0.85 GB.
Total: 7.469400 ms (FindLiveObjects: 1.352700 ms CreateObjectMapping: 0.439200 ms MarkObjects: 5.498900 ms  DeleteObjects: 0.176900 ms)

AssetImportParameters requested are different than current active one (requested -> active):
  custom:video-decoder-ogg-theora: a1e56fd34408186e4bbccfd4996cb3dc -> 
  custom:container-muxer-webm: aa71ff27fc2769a1b78a27578f13a17b -> 
  custom:container-demuxer-webm: 4f35f7cbe854078d1ac9338744f61a02 -> 
  custom:video-encoder-webm-vp8: eb34c28f22e8b96e1ab97ce403110664 -> 
  custom:audio-encoder-webm-vorbis: bf7c407c2cedff20999df2af8eb42d56 -> 
  custom:framework-win-MediaFoundation: 216162199b28c13a410421893ffa2e32 -> 
  custom:container-demuxer-ogg: 62fdf1f143b41e24485cea50d1cbac27 -> 
  custom:video-decoder-webm-vp8: 9c59270c3fd7afecdb556c50c9e8de78 -> 
  custom:audio-decoder-ogg-vorbis: bf7c407c2cedff20999df2af8eb42d56 -> 
========================================================================
Received Prepare
Registering precompiled user dll's ...
Registered in 0.005478 seconds.
Begin MonoManager ReloadAssembly
Symbol file LoadedFromMemory doesn't match image D:\521969\Pixel-Worlds\Library\PackageCache\com.unity.visualscripting@1.7.8\Editor\VisualScripting.Core\Dependencies\YamlDotNet\Unity.VisualScripting.YamlDotNet.dll
Symbol file LoadedFromMemory doesn't match image D:\521969\Pixel-Worlds\Library\PackageCache\com.unity.visualscripting@1.7.8\Editor\VisualScripting.Core\Dependencies\DotNetZip\Unity.VisualScripting.IonicZip.dll
Native extension for UWP target not found
Native extension for LinuxStandalone target not found
Native extension for WindowsStandalone target not found
Native extension for AppleTV target not found
Native extension for iOS target not found
Native extension for Android target not found
Native extension for OSXStandalone target not found
Native extension for WebGL target not found
Refreshing native plugins compatible for Editor in 1.52 ms, found 4 plugins.
Preloading 0 native plugins for Editor in 0.00 ms.
Mono: successfully reloaded assembly
- Completed reload, in  1.320 seconds
Domain Reload Profiling:
	ReloadAssembly (1321ms)
		BeginReloadAssembly (157ms)
			ExecutionOrderSort (0ms)
			DisableScriptedObjects (6ms)
			BackupInstance (0ms)
			ReleaseScriptingObjects (0ms)
			CreateAndSetChildDomain (44ms)
		EndReloadAssembly (1054ms)
			LoadAssemblies (117ms)
			RebuildTransferFunctionScriptingTraits (0ms)
			SetupTypeCache (309ms)
				TypeCache.Initialize (297ms)
					TypeCache.ScanAssembly (289ms)
				ResolveRequiredComponents (12ms)
			ReleaseScriptCaches (3ms)
			RebuildScriptCaches (60ms)
			SetupLoadedEditorAssemblies (500ms)
				LogAssemblyErrors (0ms)
				InitializePlatformSupportModulesInManaged (48ms)
				SetLoadedEditorAssemblies (8ms)
				RefreshPlugins (2ms)
				BeforeProcessingInitializeOnLoad (100ms)
				ProcessInitializeOnLoadAttributes (239ms)
				ProcessInitializeOnLoadMethodAttributes (89ms)
				AfterProcessingInitializeOnLoad (14ms)
				EditorAssembliesLoaded (0ms)
			ExecutionOrderSort2 (0ms)
			AwakeInstancesAfterBackupRestoration (12ms)
Platform modules already initialized, skipping
Refreshing native plugins compatible for Editor in 3.30 ms, found 4 plugins.
Preloading 0 native plugins for Editor in 0.00 ms.
Unloading 5466 Unused Serialized files (Serialized files now loaded: 0)
Unloading 27 unused Assets / (310.0 KB). Loaded Objects now: 6236.
Memory consumption went from 0.85 GB to 0.85 GB.
Total: 4.119800 ms (FindLiveObjects: 0.546800 ms CreateObjectMapping: 0.144000 ms MarkObjects: 3.337600 ms  DeleteObjects: 0.090600 ms)

AssetImportParameters requested are different than current active one (requested -> active):
  custom:video-decoder-ogg-theora: a1e56fd34408186e4bbccfd4996cb3dc -> 
  custom:container-muxer-webm: aa71ff27fc2769a1b78a27578f13a17b -> 
  custom:container-demuxer-webm: 4f35f7cbe854078d1ac9338744f61a02 -> 
  custom:video-encoder-webm-vp8: eb34c28f22e8b96e1ab97ce403110664 -> 
  custom:audio-encoder-webm-vorbis: bf7c407c2cedff20999df2af8eb42d56 -> 
  custom:framework-win-MediaFoundation: 216162199b28c13a410421893ffa2e32 -> 
  custom:container-demuxer-ogg: 62fdf1f143b41e24485cea50d1cbac27 -> 
  custom:video-decoder-webm-vp8: 9c59270c3fd7afecdb556c50c9e8de78 -> 
  custom:audio-decoder-ogg-vorbis: bf7c407c2cedff20999df2af8eb42d56 -> 
========================================================================
Received Prepare
Registering precompiled user dll's ...
Registered in 0.005784 seconds.
Begin MonoManager ReloadAssembly
Symbol file LoadedFromMemory doesn't match image D:\521969\Pixel-Worlds\Library\PackageCache\com.unity.visualscripting@1.7.8\Editor\VisualScripting.Core\Dependencies\YamlDotNet\Unity.VisualScripting.YamlDotNet.dll
Symbol file LoadedFromMemory doesn't match image D:\521969\Pixel-Worlds\Library\PackageCache\com.unity.visualscripting@1.7.8\Editor\VisualScripting.Core\Dependencies\DotNetZip\Unity.VisualScripting.IonicZip.dll
Native extension for UWP target not found
Native extension for LinuxStandalone target not found
Native extension for WindowsStandalone target not found
Native extension for AppleTV target not found
Native extension for iOS target not found
Native extension for Android target not found
Native extension for OSXStandalone target not found
Native extension for WebGL target not found
Refreshing native plugins compatible for Editor in 1.22 ms, found 4 plugins.
Preloading 0 native plugins for Editor in 0.00 ms.
Mono: successfully reloaded assembly
- Completed reload, in  1.153 seconds
Domain Reload Profiling:
	ReloadAssembly (1154ms)
		BeginReloadAssembly (152ms)
			ExecutionOrderSort (0ms)
			DisableScriptedObjects (6ms)
			BackupInstance (0ms)
			ReleaseScriptingObjects (0ms)
			CreateAndSetChildDomain (52ms)
		EndReloadAssembly (907ms)
			LoadAssemblies (93ms)
			RebuildTransferFunctionScriptingTraits (0ms)
			SetupTypeCache (265ms)
				TypeCache.Initialize (254ms)
					TypeCache.ScanAssembly (248ms)
				ResolveRequiredComponents (10ms)
			ReleaseScriptCaches (2ms)
			RebuildScriptCaches (51ms)
			SetupLoadedEditorAssemblies (438ms)
				LogAssemblyErrors (0ms)
				InitializePlatformSupportModulesInManaged (40ms)
				SetLoadedEditorAssemblies (6ms)
				RefreshPlugins (1ms)
				BeforeProcessingInitializeOnLoad (88ms)
				ProcessInitializeOnLoadAttributes (212ms)
				ProcessInitializeOnLoadMethodAttributes (78ms)
				AfterProcessingInitializeOnLoad (12ms)
				EditorAssembliesLoaded (0ms)
			ExecutionOrderSort2 (0ms)
			AwakeInstancesAfterBackupRestoration (11ms)
Platform modules already initialized, skipping
Refreshing native plugins compatible for Editor in 3.91 ms, found 4 plugins.
Preloading 0 native plugins for Editor in 0.00 ms.
Unloading 5466 Unused Serialized files (Serialized files now loaded: 0)
Unloading 27 unused Assets / (310.0 KB). Loaded Objects now: 6240.
Memory consumption went from 0.85 GB to 0.85 GB.
Total: 8.479400 ms (FindLiveObjects: 0.598100 ms CreateObjectMapping: 0.167500 ms MarkObjects: 7.524500 ms  DeleteObjects: 0.187200 ms)

AssetImportParameters requested are different than current active one (requested -> active):
  custom:video-decoder-ogg-theora: a1e56fd34408186e4bbccfd4996cb3dc -> 
  custom:container-muxer-webm: aa71ff27fc2769a1b78a27578f13a17b -> 
  custom:container-demuxer-webm: 4f35f7cbe854078d1ac9338744f61a02 -> 
  custom:video-encoder-webm-vp8: eb34c28f22e8b96e1ab97ce403110664 -> 
  custom:audio-encoder-webm-vorbis: bf7c407c2cedff20999df2af8eb42d56 -> 
  custom:framework-win-MediaFoundation: 216162199b28c13a410421893ffa2e32 -> 
  custom:container-demuxer-ogg: 62fdf1f143b41e24485cea50d1cbac27 -> 
  custom:video-decoder-webm-vp8: 9c59270c3fd7afecdb556c50c9e8de78 -> 
  custom:audio-decoder-ogg-vorbis: bf7c407c2cedff20999df2af8eb42d56 -> 
========================================================================
Received Prepare
Registering precompiled user dll's ...
Registered in 0.004237 seconds.
Begin MonoManager ReloadAssembly
Symbol file LoadedFromMemory doesn't match image D:\521969\Pixel-Worlds\Library\PackageCache\com.unity.visualscripting@1.7.8\Editor\VisualScripting.Core\Dependencies\YamlDotNet\Unity.VisualScripting.YamlDotNet.dll
Symbol file LoadedFromMemory doesn't match image D:\521969\Pixel-Worlds\Library\PackageCache\com.unity.visualscripting@1.7.8\Editor\VisualScripting.Core\Dependencies\DotNetZip\Unity.VisualScripting.IonicZip.dll
Native extension for UWP target not found
Native extension for LinuxStandalone target not found
Native extension for WindowsStandalone target not found
Native extension for AppleTV target not found
Native extension for iOS target not found
Native extension for Android target not found
Native extension for OSXStandalone target not found
Native extension for WebGL target not found
Refreshing native plugins compatible for Editor in 1.52 ms, found 4 plugins.
Preloading 0 native plugins for Editor in 0.00 ms.
Mono: successfully reloaded assembly
- Completed reload, in  1.275 seconds
Domain Reload Profiling:
	ReloadAssembly (1276ms)
		BeginReloadAssembly (159ms)
			ExecutionOrderSort (0ms)
			DisableScriptedObjects (6ms)
			BackupInstance (0ms)
			ReleaseScriptingObjects (0ms)
			CreateAndSetChildDomain (45ms)
		EndReloadAssembly (1015ms)
			LoadAssemblies (113ms)
			RebuildTransferFunctionScriptingTraits (0ms)
			SetupTypeCache (285ms)
				TypeCache.Initialize (273ms)
					TypeCache.ScanAssembly (265ms)
				ResolveRequiredComponents (12ms)
			ReleaseScriptCaches (2ms)
			RebuildScriptCaches (57ms)
			SetupLoadedEditorAssemblies (488ms)
				LogAssemblyErrors (0ms)
				InitializePlatformSupportModulesInManaged (47ms)
				SetLoadedEditorAssemblies (7ms)
				RefreshPlugins (2ms)
				BeforeProcessingInitializeOnLoad (99ms)
				ProcessInitializeOnLoadAttributes (230ms)
				ProcessInitializeOnLoadMethodAttributes (89ms)
				AfterProcessingInitializeOnLoad (14ms)
				EditorAssembliesLoaded (0ms)
			ExecutionOrderSort2 (0ms)
			AwakeInstancesAfterBackupRestoration (15ms)
Platform modules already initialized, skipping
Refreshing native plugins compatible for Editor in 2.84 ms, found 4 plugins.
Preloading 0 native plugins for Editor in 0.00 ms.
Unloading 5466 Unused Serialized files (Serialized files now loaded: 0)
Unloading 27 unused Assets / (309.9 KB). Loaded Objects now: 6244.
Memory consumption went from 0.85 GB to 0.85 GB.
Total: 4.100900 ms (FindLiveObjects: 0.568600 ms CreateObjectMapping: 0.144000 ms MarkObjects: 3.286600 ms  DeleteObjects: 0.101000 ms)

AssetImportParameters requested are different than current active one (requested -> active):
  custom:video-decoder-ogg-theora: a1e56fd34408186e4bbccfd4996cb3dc -> 
  custom:container-muxer-webm: aa71ff27fc2769a1b78a27578f13a17b -> 
  custom:container-demuxer-webm: 4f35f7cbe854078d1ac9338744f61a02 -> 
  custom:video-encoder-webm-vp8: eb34c28f22e8b96e1ab97ce403110664 -> 
  custom:audio-encoder-webm-vorbis: bf7c407c2cedff20999df2af8eb42d56 -> 
  custom:framework-win-MediaFoundation: 216162199b28c13a410421893ffa2e32 -> 
  custom:container-demuxer-ogg: 62fdf1f143b41e24485cea50d1cbac27 -> 
  custom:video-decoder-webm-vp8: 9c59270c3fd7afecdb556c50c9e8de78 -> 
  custom:audio-decoder-ogg-vorbis: bf7c407c2cedff20999df2af8eb42d56 -> 
========================================================================
Received Prepare
Registering precompiled user dll's ...
Registered in 0.004150 seconds.
Begin MonoManager ReloadAssembly
Symbol file LoadedFromMemory doesn't match image D:\521969\Pixel-Worlds\Library\PackageCache\com.unity.visualscripting@1.7.8\Editor\VisualScripting.Core\Dependencies\YamlDotNet\Unity.VisualScripting.YamlDotNet.dll
Symbol file LoadedFromMemory doesn't match image D:\521969\Pixel-Worlds\Library\PackageCache\com.unity.visualscripting@1.7.8\Editor\VisualScripting.Core\Dependencies\DotNetZip\Unity.VisualScripting.IonicZip.dll
Native extension for UWP target not found
Native extension for LinuxStandalone target not found
Native extension for WindowsStandalone target not found
Native extension for AppleTV target not found
Native extension for iOS target not found
Native extension for Android target not found
Native extension for OSXStandalone target not found
Native extension for WebGL target not found
Refreshing native plugins compatible for Editor in 1.29 ms, found 4 plugins.
Preloading 0 native plugins for Editor in 0.00 ms.
Mono: successfully reloaded assembly
- Completed reload, in  1.155 seconds
Domain Reload Profiling:
	ReloadAssembly (1156ms)
		BeginReloadAssembly (146ms)
			ExecutionOrderSort (0ms)
			DisableScriptedObjects (6ms)
			BackupInstance (0ms)
			ReleaseScriptingObjects (0ms)
			CreateAndSetChildDomain (42ms)
		EndReloadAssembly (908ms)
			LoadAssemblies (103ms)
			RebuildTransferFunctionScriptingTraits (0ms)
			SetupTypeCache (261ms)
				TypeCache.Initialize (249ms)
					TypeCache.ScanAssembly (243ms)
				ResolveRequiredComponents (12ms)
			ReleaseScriptCaches (2ms)
			RebuildScriptCaches (50ms)
			SetupLoadedEditorAssemblies (431ms)
				LogAssemblyErrors (0ms)
				InitializePlatformSupportModulesInManaged (40ms)
				SetLoadedEditorAssemblies (6ms)
				RefreshPlugins (1ms)
				BeforeProcessingInitializeOnLoad (88ms)
				ProcessInitializeOnLoadAttributes (207ms)
				ProcessInitializeOnLoadMethodAttributes (76ms)
				AfterProcessingInitializeOnLoad (12ms)
				EditorAssembliesLoaded (0ms)
			ExecutionOrderSort2 (0ms)
			AwakeInstancesAfterBackupRestoration (11ms)
Platform modules already initialized, skipping
Refreshing native plugins compatible for Editor in 2.94 ms, found 4 plugins.
Preloading 0 native plugins for Editor in 0.00 ms.
Unloading 5466 Unused Serialized files (Serialized files now loaded: 0)
Unloading 27 unused Assets / (309.9 KB). Loaded Objects now: 6248.
Memory consumption went from 0.85 GB to 0.85 GB.
Total: 3.884400 ms (FindLiveObjects: 0.528800 ms CreateObjectMapping: 0.156600 ms MarkObjects: 3.095300 ms  DeleteObjects: 0.102800 ms)

AssetImportParameters requested are different than current active one (requested -> active):
  custom:video-decoder-ogg-theora: a1e56fd34408186e4bbccfd4996cb3dc -> 
  custom:container-muxer-webm: aa71ff27fc2769a1b78a27578f13a17b -> 
  custom:container-demuxer-webm: 4f35f7cbe854078d1ac9338744f61a02 -> 
  custom:video-encoder-webm-vp8: eb34c28f22e8b96e1ab97ce403110664 -> 
  custom:audio-encoder-webm-vorbis: bf7c407c2cedff20999df2af8eb42d56 -> 
  custom:framework-win-MediaFoundation: 216162199b28c13a410421893ffa2e32 -> 
  custom:container-demuxer-ogg: 62fdf1f143b41e24485cea50d1cbac27 -> 
  custom:video-decoder-webm-vp8: 9c59270c3fd7afecdb556c50c9e8de78 -> 
  custom:audio-decoder-ogg-vorbis: bf7c407c2cedff20999df2af8eb42d56 -> 
